<?xml version="1.0" encoding="UTF-8" ?>
<testsuite errors="1" failures="11" hostname="LAPTOP-3474R043" name="DAO.SanPhamDAOTest" skipped="0" tests="27" time="0.507" timestamp="2025-05-13T17:44:09">
  <properties>
    <property name="javac.test.classpath" value="lib\javax.activation-1.2.0.jar:lib\javax.mail.jar:lib/mysql-connector-java-8.0.30.jar:lib/lib/SparseBitSet-1.2.jar:lib/lib/commons-codec-1.15.jar:lib/lib/commons-collections4-4.4.jar:lib/lib/commons-compress-1.21.jar:lib/lib/commons-io-2.11.0.jar:lib/lib/commons-logging-1.2.jar:lib/lib/commons-math3-3.6.1.jar:lib/lib/curvesapi-1.07.jar:lib/lib/jakarta.activation-2.0.1.jar:lib/lib/jakarta.xml.bind-api-3.0.1.jar:lib/lib/log4j-api-2.18.0.jar:lib/lib/poi-5.2.3.jar:lib/lib/poi-examples-5.2.3.jar:lib/lib/poi-excelant-5.2.3.jar:lib/lib/poi-javadoc-5.2.3.jar:lib/lib/poi-ooxml-5.2.3.jar:lib/lib/poi-ooxml-full-5.2.3.jar:lib/lib/poi-ooxml-lite-5.2.3.jar:lib/lib/poi-scratchpad-5.2.3.jar:lib/lib/slf4j-api-1.7.36.jar:lib/lib/xmlbeans-5.1.1.jar:lib\flatlaf-3.0.jar:lib\jcalendar-1.4.jar:lib/log4j-core-2.20.0.jar:lib\flatlaf-fonts-roboto-2.137.jar:lib\flatlaf-extras-3.1.jar:lib\svgSalamander-1.1.4.jar:lib/swingx-all-1.6.4.jar:lib/bridj-0.7.0.jar:lib/core-3.3.0.jar:lib/javase-3.3.0.jar:lib/slf4j-api-1.7.2.jar:lib/slf4j-api-1.7.25.jar:lib/slf4j-simple-1.7.25.jar:lib/webcam-capture-0.3.12.jar:lib/zxing-1.7-javase.jar:lib/zxing-core-2.0.jar:lib/TimingFramework-0.55.jar:lib\itextpdf-5.5.12.jar:C:\Program Files\NetBeans-22\netbeans\platform\modules\ext\junit-4.13.2.jar:C:\Program Files\NetBeans-22\netbeans\platform\modules\ext\hamcrest-core-1.3.jar:E:\Environment\Java\org.jacoco.ant-0.8.13.jar:E:\Environment\Java\org.jacoco.core-0.8.13.jar:E:\Environment\Java\org.jacoco.report-0.8.13.jar:build/classes:C:\Program Files\NetBeans-22\netbeans\platform\modules\ext\junit-4.13.2.jar:C:\Program Files\NetBeans-22\netbeans\platform\modules\ext\hamcrest-core-1.3.jar:E:\Environment\Java\org.jacoco.ant-0.8.13.jar:E:\Environment\Java\org.jacoco.core-0.8.13.jar:E:\Environment\Java\org.jacoco.report-0.8.13.jar" />
    <property name="java.specification.version" value="22" />
    <property name="jar.index.metainf" value="false" />
    <property name="libs.spring-framework500.classpath" value="C:\Program Files\NetBeans-22\netbeans\platform\modules\org-apache-commons-logging.jar;C:\Program Files\NetBeans-22\netbeans\java\modules\ext\cglib-2.2.jar;C:\Program Files\NetBeans-22\netbeans\java\modules\ext\spring-5\spring-aop-5.3.31.jar;C:\Program Files\NetBeans-22\netbeans\java\modules\ext\spring-5\spring-aspects-5.3.31.jar;C:\Program Files\NetBeans-22\netbeans\java\modules\ext\spring-5\spring-beans-5.3.31.jar;C:\Program Files\NetBeans-22\netbeans\java\modules\ext\spring-5\spring-context-5.3.31.jar;C:\Program Files\NetBeans-22\netbeans\java\modules\ext\spring-5\spring-context-indexer-5.3.31.jar;C:\Program Files\NetBeans-22\netbeans\java\modules\ext\spring-5\spring-context-support-5.3.31.jar;C:\Program Files\NetBeans-22\netbeans\java\modules\ext\spring-5\spring-core-5.3.31.jar;C:\Program Files\NetBeans-22\netbeans\java\modules\ext\spring-5\spring-expression-5.3.31.jar;C:\Program Files\NetBeans-22\netbeans\java\modules\ext\spring-5\spring-instrument-5.3.31.jar;C:\Program Files\NetBeans-22\netbeans\java\modules\ext\spring-5\spring-jcl-5.3.31.jar;C:\Program Files\NetBeans-22\netbeans\java\modules\ext\spring-5\spring-jdbc-5.3.31.jar;C:\Program Files\NetBeans-22\netbeans\java\modules\ext\spring-5\spring-jms-5.3.31.jar;C:\Program Files\NetBeans-22\netbeans\java\modules\ext\spring-5\spring-messaging-5.3.31.jar;C:\Program Files\NetBeans-22\netbeans\java\modules\ext\spring-5\spring-orm-5.3.31.jar;C:\Program Files\NetBeans-22\netbeans\java\modules\ext\spring-5\spring-oxm-5.3.31.jar;C:\Program Files\NetBeans-22\netbeans\java\modules\ext\spring-5\spring-test-5.3.31.jar;C:\Program Files\NetBeans-22\netbeans\java\modules\ext\spring-5\spring-tx-5.3.31.jar;C:\Program Files\NetBeans-22\netbeans\java\modules\ext\spring-5\spring-web-5.3.31.jar;C:\Program Files\NetBeans-22\netbeans\java\modules\ext\spring-5\spring-webflux-5.3.31.jar;C:\Program Files\NetBeans-22\netbeans\java\modules\ext\spring-5\spring-webmvc-5.3.31.jar;C:\Program Files\NetBeans-22\netbeans\java\modules\ext\spring-5\spring-websocket-5.3.31.jar" />
    <property name="test.binaryincludes" value="&lt;nothing&gt;" />
    <property name="file.reference.SparseBitSet-1.2.jar" value="lib/lib/SparseBitSet-1.2.jar" />
    <property name="do.jlink" value="false" />
    <property name="debug-transport" value="dt_shmem" />
    <property name="libs.javaee-web-api-8.0.src" value="" />
    <property name="java.vendor.url" value="https://java.oracle.com/" />
    <property name="debug.modulepath" value="" />
    <property name="libs.eclipselink.javadoc" value="C:\Program Files\NetBeans-22\netbeans\java\modules\ext\docs\jakarta.persistence-2.2.3-doc.zip" />
    <property name="libs.jsp-compilation.src" value="" />
    <property name="libs.JWSAntTasks.javadoc" value="" />
    <property name="file.reference.bridj-0.7.0.jar" value="lib/bridj-0.7.0.jar" />
    <property name="sun.boot.library.path" value="E:\Environment\Java\jdk-22\bin" />
    <property name="sun.java.command" value="org.apache.tools.ant.taskdefs.optional.junit.JUnitTestRunner DAO.SanPhamDAOTest skipNonTests=false filtertrace=true haltOnError=false haltOnFailure=false showoutput=true outputtoformatters=true logfailedtests=true threadid=0 logtestlistenerevents=false formatter=org.apache.tools.ant.taskdefs.optional.junit.BriefJUnitResultFormatter formatter=org.apache.tools.ant.taskdefs.optional.junit.XMLJUnitResultFormatter,F:\D\PTIT\Nam4\ki-2\Dam-bao-chat-luong-phan-mem\SQA_N07_QuanLyKhoDienThoai\build\test\results\TEST-DAO.SanPhamDAOTest.xml crashfile=F:\D\PTIT\Nam4\ki-2\Dam-bao-chat-luong-phan-mem\SQA_N07_QuanLyKhoDienThoai\build\junitvmwatcher7281953681404247461.properties propsfile=F:\D\PTIT\Nam4\ki-2\Dam-bao-chat-luong-phan-mem\SQA_N07_QuanLyKhoDienThoai\build\junit16444876548577589050.properties" />
    <property name="file.reference.flatlaf-fonts-roboto-2.137.jar" value="lib\flatlaf-fonts-roboto-2.137.jar" />
    <property name="jdk.debug" value="release" />
    <property name="javadoc.use" value="true" />
    <property name="javadoc.notree" value="false" />
    <property name="file.reference.commons-math3-3.6.1.jar" value="lib/lib/commons-math3-3.6.1.jar" />
    <property name="basedir" value="F:\D\PTIT\Nam4\ki-2\Dam-bao-chat-luong-phan-mem\SQA_N07_QuanLyKhoDienThoai" />
    <property name="application.vendor" value="robot" />
    <property name="java.vm.specification.vendor" value="Oracle Corporation" />
    <property name="java.specification.name" value="Java Platform API Specification" />
    <property name="ant.file.type.QuanLyKhoHang" value="file" />
    <property name="file.reference.commons-compress-1.21.jar" value="lib/lib/commons-compress-1.21.jar" />
    <property name="file.reference.poi-ooxml-full-5.2.3.jar" value="lib/lib/poi-ooxml-full-5.2.3.jar" />
    <property name="libs.jsf20.classpath" value="C:\Program Files\NetBeans-22\netbeans\enterprise\modules\ext\jsf-2_2\javax.faces.jar" />
    <property name="libs.jakartaee-api-10.0.maven-pom" value="" />
    <property name="libs.spring-framework500.javadoc" value="" />
    <property name="libs.jsp-compilation-syscp.src" value="" />
    <property name="java.runtime.version" value="22.0.2+9-70" />
    <property name="libs.eclipselink.maven-pom" value="" />
    <property name="file.reference.slf4j-simple-1.7.25.jar" value="lib/slf4j-simple-1.7.25.jar" />
    <property name="libs.metro.maven-pom" value="" />
    <property name="libs.JAXB-ENDORSED.javadoc" value="" />
    <property name="libs.primefaces.javadoc" value="" />
    <property name="libs.jsp-compilation.javadoc" value="" />
    <property name="libs.groovy-all.maven-pom" value="" />
    <property name="libs.restapi.src" value="" />
    <property name="file.reference.commons-codec-1.15.jar" value="lib/lib/commons-codec-1.15.jar" />
    <property name="libs.junit_5.javadoc" value="C:\Program Files\NetBeans-22\netbeans\platform\docs\junit-jupiter-api-5.10.2-javadoc.jar;C:\Program Files\NetBeans-22\netbeans\platform\docs\junit-jupiter-params-5.10.2-javadoc.jar;C:\Program Files\NetBeans-22\netbeans\platform\docs\junit-jupiter-engine-5.10.2-javadoc.jar" />
    <property name="libs.jakartaee-api-11.0.maven-pom" value="" />
    <property name="dist.archive.excludes" value="" />
    <property name="java.io.tmpdir" value="C:\Users\Acer\AppData\Local\Temp\" />
    <property name="java.version" value="22.0.2" />
    <property name="java.vm.specification.name" value="Java Virtual Machine Specification" />
    <property name="libs.jakartaee-api-8.0.javadoc" value="C:\Program Files\NetBeans-22\netbeans\enterprise\docs\jakartaee8-doc-api.jar" />
    <property name="native.encoding" value="Cp1252" />
    <property name="libs.hamcrest.src" value="" />
    <property name="java.library.path" value="E:\Environment\Java\jdk-22\bin;C:\WINDOWS\Sun\Java\bin;C:\WINDOWS\system32;C:\WINDOWS;E:\Environment\Anaconda\condabin;C:\Program Files\Common Files\Oracle\Java\javapath;C:\Program Files (x86)\VMware\VMware Player\bin\;C:\Program Files (x86)\Common Files\Intel\Shared Libraries\redist\intel64\compiler;C:\Windows\system32;C:\Windows;C:\Windows\System32\Wbem;C:\Windows\System32\WindowsPowerShell\v1.0\;C:\Windows\System32\OpenSSH\;C:\Program Files (x86)\NVIDIA Corporation\PhysX\Common;C:\MinGW\bin;C:\WINDOWS\system32;C:\WINDOWS;C:\WINDOWS\System32\Wbem;C:\WINDOWS\System32\WindowsPowerShell\v1.0\;C:\WINDOWS\System32\OpenSSH\;C:\Program Files\Git LFS;C:\Program Files\dotnet\;E:\nodejs\;C:\Program Files\Azure Data Studio\bin;E:\MinGW\bin;C:\Program Files\Java\jdk1.8.0_45\bin;C:\Program Files\NVIDIA Corporation\NVIDIA app\NvDLISR;C:\Program Files\Docker\Docker\resources\bin;C:\Program Files\Cloudflare\Cloudflare WARP\;E:\Environment\Anaconda;E:\Environment\Anaconda\Scripts;E:\Environment\Anaconda\Library\bin;E:\Environment\Maven\apache-maven-3.9.9\bin;E:\Git\cmd;C:\Users\Acer\Downloads\apache-ant-1.10.15-bin\apache-ant-1.10.15\bin;E:\Environment\Python-3-8\Scripts\;E:\Environment\Python-3-8\;C:\Users\Acer\AppData\Local\Programs\Python\Launcher\;C:\Users\Acer\AppData\Local\Microsoft\WindowsApps;D:\Microsoft VS Code\bin;C:\mingw64\bin;C:\Users\Acer\AppData\Roaming\npm;E:\WebStorm 2023.1.2\bin;;C:\Users\Acer\AppData\Local\Programs\Microsoft VS Code\bin;C:\Program Files\Azure Data Studio\bin;C:\Program Files\mosquitto;E:\Application\IntelliJ IDEA 2024.2.3\bin;;E:\Environment\Maven\apache-maven-3.9.9\bin;;." />
    <property name="java.vendor" value="Oracle Corporation" />
    <property name="libs.groovy-all.src" value="" />
    <property name="libs.testng.javadoc" value="C:\Program Files\NetBeans-22\netbeans\platform\docs\testng-6.13.1-javadoc.jar" />
    <property name="meta.inf.dir" value="src/META-INF" />
    <property name="run.upgrademodulepath" value="" />
    <property name="file.reference.commons-collections4-4.4.jar" value="lib/lib/commons-collections4-4.4.jar" />
    <property name="compile.on.save" value="true" />
    <property name="jlink.additionalparam" value="" />
    <property name="libs.testng.maven-pom" value="" />
    <property name="ant.file.type" value="file" />
    <property name="run.classpath" value="lib\javax.activation-1.2.0.jar:lib\javax.mail.jar:lib/mysql-connector-java-8.0.30.jar:lib/lib/SparseBitSet-1.2.jar:lib/lib/commons-codec-1.15.jar:lib/lib/commons-collections4-4.4.jar:lib/lib/commons-compress-1.21.jar:lib/lib/commons-io-2.11.0.jar:lib/lib/commons-logging-1.2.jar:lib/lib/commons-math3-3.6.1.jar:lib/lib/curvesapi-1.07.jar:lib/lib/jakarta.activation-2.0.1.jar:lib/lib/jakarta.xml.bind-api-3.0.1.jar:lib/lib/log4j-api-2.18.0.jar:lib/lib/poi-5.2.3.jar:lib/lib/poi-examples-5.2.3.jar:lib/lib/poi-excelant-5.2.3.jar:lib/lib/poi-javadoc-5.2.3.jar:lib/lib/poi-ooxml-5.2.3.jar:lib/lib/poi-ooxml-full-5.2.3.jar:lib/lib/poi-ooxml-lite-5.2.3.jar:lib/lib/poi-scratchpad-5.2.3.jar:lib/lib/slf4j-api-1.7.36.jar:lib/lib/xmlbeans-5.1.1.jar:lib\flatlaf-3.0.jar:lib\jcalendar-1.4.jar:lib/log4j-core-2.20.0.jar:lib\flatlaf-fonts-roboto-2.137.jar:lib\flatlaf-extras-3.1.jar:lib\svgSalamander-1.1.4.jar:lib/swingx-all-1.6.4.jar:lib/bridj-0.7.0.jar:lib/core-3.3.0.jar:lib/javase-3.3.0.jar:lib/slf4j-api-1.7.2.jar:lib/slf4j-api-1.7.25.jar:lib/slf4j-simple-1.7.25.jar:lib/webcam-capture-0.3.12.jar:lib/zxing-1.7-javase.jar:lib/zxing-core-2.0.jar:lib/TimingFramework-0.55.jar:lib\itextpdf-5.5.12.jar:C:\Program Files\NetBeans-22\netbeans\platform\modules\ext\junit-4.13.2.jar:C:\Program Files\NetBeans-22\netbeans\platform\modules\ext\hamcrest-core-1.3.jar:E:\Environment\Java\org.jacoco.ant-0.8.13.jar:E:\Environment\Java\org.jacoco.core-0.8.13.jar:E:\Environment\Java\org.jacoco.report-0.8.13.jar:build/classes" />
    <property name="libs.jaxb.src" value="" />
    <property name="file.reference.poi-javadoc-5.2.3.jar" value="lib/lib/poi-javadoc-5.2.3.jar" />
    <property name="test.src.dir" value="test" />
    <property name="ap.proc.none.internal" value="" />
    <property name="jar.index" value="false" />
    <property name="libs.jpa20-persistence.classpath" value="C:\Program Files\NetBeans-22\netbeans\java\modules\ext\eclipselink\jakarta.persistence-2.2.3.jar" />
    <property name="libs.eclipselinkmodelgen.javadoc" value="" />
    <property name="java.vm.specification.version" value="22" />
    <property name="libs.junit_5.classpath" value="C:\Program Files\NetBeans-22\netbeans\platform\modules\ext\junit-jupiter-api-5.10.2.jar;C:\Program Files\NetBeans-22\netbeans\platform\modules\ext\junit-jupiter-params-5.10.2.jar;C:\Program Files\NetBeans-22\netbeans\platform\modules\ext\junit-jupiter-engine-5.10.2.jar" />
    <property name="javadoc.noindex" value="false" />
    <property name="javadoc.private" value="false" />
    <property name="libs.JAXB-ENDORSED.maven-pom" value="" />
    <property name="user.home" value="C:\Users\Acer" />
    <property name="libs.eclipselinkmodelgen.maven-pom" value="" />
    <property name="have.sources" value="true" />
    <property name="annotation.processing.processors.list" value="" />
    <property name="javac.deprecation" value="false" />
    <property name="jlink.launcher" value="true" />
    <property name="build.generated.sources.dir" value="build/generated-sources" />
    <property name="libs.eclipselinkmodelgen.src" value="" />
    <property name="build.classes.excludes" value="**/*.java,**/*.form" />
    <property name="dist.jar" value="dist/QuanLyKhoHang.jar" />
    <property name="libs.jakartaee-web-api-9.0.classpath" value="C:\Program Files\NetBeans-22\netbeans\enterprise\modules\ext\jakarta.jakartaee-web-api-9.0.0.jar" />
    <property name="modules.supported.internal" value="true" />
    <property name="libs.jakartaee-web-api-11.0.maven-pom" value="" />
    <property name="libs.javaee-endorsed-api-7.0.javadoc" value="C:\Program Files\NetBeans-22\netbeans\enterprise\docs\javaee-doc-api.jar" />
    <property name="os.version" value="10.0" />
    <property name="libs.CopyLibs.javadoc" value="" />
    <property name="debug-transport-by-os" value="dt_shmem" />
    <property name="libs.jsf20.src" value="" />
    <property name="libs.javaee-api-8.0.javadoc" value="C:\Program Files\NetBeans-22\netbeans\enterprise\docs\javaee-doc-api.jar" />
    <property name="sannotation.processing.enabled" value="true" />
    <property name="java.vm.name" value="Java HotSpot(TM) 64-Bit Server VM" />
    <property name="unnamed.module.internal" value="true" />
    <property name="libs.jakartaee-api-10.0.javadoc" value="C:\Program Files\NetBeans-22\netbeans\enterprise\docs\jakartaee10-doc-api.jar" />
    <property name="libs.jstl.javadoc" value="C:\Program Files\NetBeans-22\netbeans\enterprise\docs\javaee-doc-api.jar" />
    <property name="libs.javaee-endorsed-api-7.0.maven-pom" value="" />
    <property name="libs.jaxws21.classpath" value="C:\Program Files\NetBeans-22\netbeans\java\modules\ext\jaxws22\api\jakarta.jws-api.jar;C:\Program Files\NetBeans-22\netbeans\java\modules\ext\jaxws22\api\jakarta.xml.soap-api.jar;C:\Program Files\NetBeans-22\netbeans\java\modules\ext\jaxws22\api\jakarta.xml.ws-api.jar;C:\Program Files\NetBeans-22\netbeans\java\modules\ext\jaxws22\FastInfoset.jar;C:\Program Files\NetBeans-22\netbeans\java\modules\ext\jaxws22\gmbal-api-only.jar;C:\Program Files\NetBeans-22\netbeans\java\modules\ext\jaxws22\ha-api.jar;C:\Program Files\NetBeans-22\netbeans\java\modules\ext\jaxws22\jakarta.mail.jar;C:\Program Files\NetBeans-22\netbeans\java\modules\ext\jaxws22\jaxws-rt.jar;C:\Program Files\NetBeans-22\netbeans\java\modules\ext\jaxws22\jaxws-tools.jar;C:\Program Files\NetBeans-22\netbeans\java\modules\ext\jaxws22\management-api.jar;C:\Program Files\NetBeans-22\netbeans\java\modules\ext\jaxws22\mimepull.jar;C:\Program Files\NetBeans-22\netbeans\java\modules\ext\jaxws22\policy.jar;C:\Program Files\NetBeans-22\netbeans\java\modules\ext\jaxws22\saaj-impl.jar;C:\Program Files\NetBeans-22\netbeans\java\modules\ext\jaxws22\stax-ex.jar;C:\Program Files\NetBeans-22\netbeans\java\modules\ext\jaxws22\stax2-api.jar;C:\Program Files\NetBeans-22\netbeans\java\modules\ext\jaxws22\streambuffer.jar;C:\Program Files\NetBeans-22\netbeans\java\modules\ext\jaxws22\woodstox-core.jar;C:\Program Files\NetBeans-22\netbeans\ide\modules\ext\jaxb\api\jaxb-api.jar;C:\Program Files\NetBeans-22\netbeans\ide\modules\ext\jaxb\activation.jar;C:\Program Files\NetBeans-22\netbeans\ide\modules\ext\jaxb\jaxb-impl.jar;C:\Program Files\NetBeans-22\netbeans\ide\modules\ext\jaxb\jaxb-xjc.jar" />
    <property name="libs.restapi.classpath" value="C:\Program Files\NetBeans-22\netbeans\enterprise\modules\ext\jaxrs-2.1\jakarta.ws.rs-api-2.1.6.jar" />
    <property name="os.arch" value="amd64" />
    <property name="build.generated.dir" value="build/generated" />
    <property name="libs.jakartaee-web-api-11.0.classpath" value="C:\Program Files\NetBeans-22\netbeans\enterprise\modules\ext\jakarta.jakartaee-web-api-11.0.0.jar" />
    <property name="libs.groovy-all.javadoc" value="" />
    <property name="libs.jakartaee-api-8.0.classpath" value="C:\Program Files\NetBeans-22\netbeans\enterprise\modules\ext\jakarta.jakartaee-api-8.0.0.jar" />
    <property name="libs.javaee-web-api-7.0.javadoc" value="C:\Program Files\NetBeans-22\netbeans\enterprise\docs\javaee-doc-api.jar" />
    <property name="libs.javaee-endorsed-api-6.0.src" value="" />
    <property name="libs.javaee-endorsed-api-7.0.classpath" value="C:\Program Files\NetBeans-22\netbeans\enterprise\modules\ext\javaee7-endorsed\javax.annotation-api.jar;C:\Program Files\NetBeans-22\netbeans\enterprise\modules\ext\javaee7-endorsed\javax.xml.soap-api.jar;C:\Program Files\NetBeans-22\netbeans\enterprise\modules\ext\javaee7-endorsed\jaxb-api-osgi.jar;C:\Program Files\NetBeans-22\netbeans\enterprise\modules\ext\javaee7-endorsed\jaxws-api.jar;C:\Program Files\NetBeans-22\netbeans\enterprise\modules\ext\javaee7-endorsed\jsr181-api.jar" />
    <property name="libs.primefaces.maven-pom" value="" />
    <property name="ant.library.dir" value="C:\Users\Acer\Downloads\apache-ant-1.10.15-bin\apache-ant-1.10.15\lib" />
    <property name="ant.project.name" value="QuanLyKhoHang" />
    <property name="dist.javadoc.dir" value="dist/javadoc" />
    <property name="default.javac.target" value="22" />
    <property name="file.reference.org.jacoco.core-0.8.13.jar" value="E:\Environment\Java\org.jacoco.core-0.8.13.jar" />
    <property name="javac.fork" value="true" />
    <property name="libs.eclipselink.classpath" value="C:\Program Files\NetBeans-22\netbeans\java\modules\ext\eclipselink\org.eclipse.persistence.core-2.7.12.jar;C:\Program Files\NetBeans-22\netbeans\java\modules\ext\eclipselink\org.eclipse.persistence.asm-9.4.0.jar;C:\Program Files\NetBeans-22\netbeans\java\modules\ext\eclipselink\org.eclipse.persistence.antlr-2.7.12.jar;C:\Program Files\NetBeans-22\netbeans\java\modules\ext\eclipselink\org.eclipse.persistence.jpa-2.7.12.jar;C:\Program Files\NetBeans-22\netbeans\java\modules\ext\eclipselink\org.eclipse.persistence.jpa.jpql-2.7.12.jar;C:\Program Files\NetBeans-22\netbeans\java\modules\ext\eclipselink\org.eclipse.persistence.moxy-2.7.12.jar;C:\Program Files\NetBeans-22\netbeans\java\modules\ext\eclipselink\jakarta.persistence-2.2.3.jar" />
    <property name="file.reference.core-3.3.0.jar" value="lib/core-3.3.0.jar" />
    <property name="libs.PostgreSQLDriver.maven-pom" value="" />
    <property name="libs.absolutelayout.src" value="" />
    <property name="libs.jakartaee-api-11.0.classpath" value="C:\Program Files\NetBeans-22\netbeans\enterprise\modules\ext\jakarta.jakartaee-api-11.0.0.jar" />
    <property name="testng.mode" value="testng" />
    <property name="annotation.processing.enabled.in.editor" value="false" />
    <property name="ant.file.type.QuanLyKhoHang-impl" value="file" />
    <property name="java.vm.compressedOopsMode" value="Zero based" />
    <property name="mkdist.disabled" value="false" />
    <property name="libs.javaee-web-api-6.0.javadoc" value="C:\Program Files\NetBeans-22\netbeans\enterprise\docs\javaee-doc-api.jar" />
    <property name="libs.groovy-all.classpath" value="C:\Program Files\NetBeans-22\netbeans\groovy\modules\ext\groovy-3.0.8.jar;C:\Program Files\NetBeans-22\netbeans\groovy\modules\ext\groovy-ant-3.0.8.jar" />
    <property name="libs.javaee-api-7.0.maven-pom" value="" />
    <property name="libs.absolutelayout.javadoc" value="" />
    <property name="module.build.classes.dir" value="build/classes" />
    <property name="annotation.processing.processor.options" value="" />
    <property name="libs.jaxb.maven-pom" value="" />
    <property name="libs.javaee-api-6.0.maven-pom" value="" />
    <property name="file.reference.commons-io-2.11.0.jar" value="lib/lib/commons-io-2.11.0.jar" />
    <property name="dist.dir" value="dist" />
    <property name="build.dir" value="build" />
    <property name="libs.graaljs.maven-pom" value="" />
    <property name="javadoc.version" value="false" />
    <property name="libs.metro.classpath" value="C:\Program Files\NetBeans-22\netbeans\ide\modules\ext\jaxb\activation.jar;C:\Program Files\NetBeans-22\netbeans\enterprise\modules\ext\metro\webservices-api.jar;C:\Program Files\NetBeans-22\netbeans\enterprise\modules\ext\metro\webservices-extra-api.jar;C:\Program Files\NetBeans-22\netbeans\enterprise\modules\ext\metro\webservices-extra.jar;C:\Program Files\NetBeans-22\netbeans\enterprise\modules\ext\metro\webservices-rt.jar;C:\Program Files\NetBeans-22\netbeans\enterprise\modules\ext\metro\webservices-tools.jar" />
    <property name="libs.metro.src" value="" />
    <property name="libs.CopyLibs.classpath" value="C:\Program Files\NetBeans-22\netbeans\java\ant\extra\org-netbeans-modules-java-j2seproject-copylibstask.jar" />
    <property name="sun.os.patch.level" value="" />
    <property name="file.reference.flatlaf-extras-3.1.jar" value="lib\flatlaf-extras-3.1.jar" />
    <property name="libs.jakartaee-api-11.0.javadoc" value="C:\Program Files\NetBeans-22\netbeans\enterprise\docs\jakartaee11-doc-api.jar" />
    <property name="javadoc.html5" value="false" />
    <property name="javac.test.processorpath" value="lib\javax.activation-1.2.0.jar:lib\javax.mail.jar:lib/mysql-connector-java-8.0.30.jar:lib/lib/SparseBitSet-1.2.jar:lib/lib/commons-codec-1.15.jar:lib/lib/commons-collections4-4.4.jar:lib/lib/commons-compress-1.21.jar:lib/lib/commons-io-2.11.0.jar:lib/lib/commons-logging-1.2.jar:lib/lib/commons-math3-3.6.1.jar:lib/lib/curvesapi-1.07.jar:lib/lib/jakarta.activation-2.0.1.jar:lib/lib/jakarta.xml.bind-api-3.0.1.jar:lib/lib/log4j-api-2.18.0.jar:lib/lib/poi-5.2.3.jar:lib/lib/poi-examples-5.2.3.jar:lib/lib/poi-excelant-5.2.3.jar:lib/lib/poi-javadoc-5.2.3.jar:lib/lib/poi-ooxml-5.2.3.jar:lib/lib/poi-ooxml-full-5.2.3.jar:lib/lib/poi-ooxml-lite-5.2.3.jar:lib/lib/poi-scratchpad-5.2.3.jar:lib/lib/slf4j-api-1.7.36.jar:lib/lib/xmlbeans-5.1.1.jar:lib\flatlaf-3.0.jar:lib\jcalendar-1.4.jar:lib/log4j-core-2.20.0.jar:lib\flatlaf-fonts-roboto-2.137.jar:lib\flatlaf-extras-3.1.jar:lib\svgSalamander-1.1.4.jar:lib/swingx-all-1.6.4.jar:lib/bridj-0.7.0.jar:lib/core-3.3.0.jar:lib/javase-3.3.0.jar:lib/slf4j-api-1.7.2.jar:lib/slf4j-api-1.7.25.jar:lib/slf4j-simple-1.7.25.jar:lib/webcam-capture-0.3.12.jar:lib/zxing-1.7-javase.jar:lib/zxing-core-2.0.jar:lib/TimingFramework-0.55.jar:lib\itextpdf-5.5.12.jar:C:\Program Files\NetBeans-22\netbeans\platform\modules\ext\junit-4.13.2.jar:C:\Program Files\NetBeans-22\netbeans\platform\modules\ext\hamcrest-core-1.3.jar:E:\Environment\Java\org.jacoco.ant-0.8.13.jar:E:\Environment\Java\org.jacoco.core-0.8.13.jar:E:\Environment\Java\org.jacoco.report-0.8.13.jar:build/classes:C:\Program Files\NetBeans-22\netbeans\platform\modules\ext\junit-4.13.2.jar:C:\Program Files\NetBeans-22\netbeans\platform\modules\ext\hamcrest-core-1.3.jar:E:\Environment\Java\org.jacoco.ant-0.8.13.jar:E:\Environment\Java\org.jacoco.core-0.8.13.jar:E:\Environment\Java\org.jacoco.report-0.8.13.jar" />
    <property name="libs.javaee-web-api-7.0.maven-pom" value="" />
    <property name="libs.javaee-web-api-8.0.maven-pom" value="" />
    <property name="file.reference.jakarta.activation-2.0.1.jar" value="lib/lib/jakarta.activation-2.0.1.jar" />
    <property name="tests.failed" value="true" />
    <property name="file.reference.javax.activation-1.2.0.jar-1" value="lib\javax.activation-1.2.0.jar" />
    <property name="libs.hamcrest.maven-pom" value="" />
    <property name="javac.processorpath" value="lib\javax.activation-1.2.0.jar:lib\javax.mail.jar:lib/mysql-connector-java-8.0.30.jar:lib/lib/SparseBitSet-1.2.jar:lib/lib/commons-codec-1.15.jar:lib/lib/commons-collections4-4.4.jar:lib/lib/commons-compress-1.21.jar:lib/lib/commons-io-2.11.0.jar:lib/lib/commons-logging-1.2.jar:lib/lib/commons-math3-3.6.1.jar:lib/lib/curvesapi-1.07.jar:lib/lib/jakarta.activation-2.0.1.jar:lib/lib/jakarta.xml.bind-api-3.0.1.jar:lib/lib/log4j-api-2.18.0.jar:lib/lib/poi-5.2.3.jar:lib/lib/poi-examples-5.2.3.jar:lib/lib/poi-excelant-5.2.3.jar:lib/lib/poi-javadoc-5.2.3.jar:lib/lib/poi-ooxml-5.2.3.jar:lib/lib/poi-ooxml-full-5.2.3.jar:lib/lib/poi-ooxml-lite-5.2.3.jar:lib/lib/poi-scratchpad-5.2.3.jar:lib/lib/slf4j-api-1.7.36.jar:lib/lib/xmlbeans-5.1.1.jar:lib\flatlaf-3.0.jar:lib\jcalendar-1.4.jar:lib/log4j-core-2.20.0.jar:lib\flatlaf-fonts-roboto-2.137.jar:lib\flatlaf-extras-3.1.jar:lib\svgSalamander-1.1.4.jar:lib/swingx-all-1.6.4.jar:lib/bridj-0.7.0.jar:lib/core-3.3.0.jar:lib/javase-3.3.0.jar:lib/slf4j-api-1.7.2.jar:lib/slf4j-api-1.7.25.jar:lib/slf4j-simple-1.7.25.jar:lib/webcam-capture-0.3.12.jar:lib/zxing-1.7-javase.jar:lib/zxing-core-2.0.jar:lib/TimingFramework-0.55.jar:lib\itextpdf-5.5.12.jar:C:\Program Files\NetBeans-22\netbeans\platform\modules\ext\junit-4.13.2.jar:C:\Program Files\NetBeans-22\netbeans\platform\modules\ext\hamcrest-core-1.3.jar:E:\Environment\Java\org.jacoco.ant-0.8.13.jar:E:\Environment\Java\org.jacoco.core-0.8.13.jar:E:\Environment\Java\org.jacoco.report-0.8.13.jar" />
    <property name="libs.javaee-api-6.0.javadoc" value="C:\Program Files\NetBeans-22\netbeans\enterprise\docs\javaee-doc-api.jar" />
    <property name="libs.JWSAntTasks.maven-pom" value="" />
    <property name="run.modulepath" value="" />
    <property name="javac.upgrademodulepath" value="" />
    <property name="do.archive+manifest.available" value="true" />
    <property name="file.reference.poi-examples-5.2.3.jar" value="lib/lib/poi-examples-5.2.3.jar" />
    <property name="file.reference.slf4j-api-1.7.36.jar" value="lib/lib/slf4j-api-1.7.36.jar" />
    <property name="user.country" value="US" />
    <property name="sun.java.launcher" value="SUN_STANDARD" />
    <property name="libs.jakartaee-api-9.0.maven-pom" value="" />
    <property name="libs.jpa20-persistence.src" value="" />
    <property name="libs.restapi.javadoc" value="" />
    <property name="endorsed.classpath" value="" />
    <property name="javac.test.sourcepath" value="${empty.dir}" />
    <property name="includes" value="**" />
    <property name="libs.hamcrest.classpath" value="C:\Program Files\NetBeans-22\netbeans\platform\modules\ext\hamcrest-core-1.3.jar" />
    <property name="javadoc.splitindex" value="true" />
    <property name="libs.JWSAntTasks.classpath" value="C:\Program Files\NetBeans-22\netbeans\java\ant\extra\org-netbeans-modules-javawebstart-anttasks.jar" />
    <property name="junit.available" value="true" />
    <property name="javac.processormodulepath" value="" />
    <property name="file.reference.log4j-api-2.18.0.jar" value="lib/lib/log4j-api-2.18.0.jar" />
    <property name="javadoc.encoding" value="UTF-8" />
    <property name="libs.jakartaee-api-11.0.src" value="" />
    <property name="libs.jsp-compilation-syscp.maven-pom" value="" />
    <property name="libs.jstl.src" value="" />
    <property name="jlink.strip" value="false" />
    <property name="java.runtime.name" value="Java(TM) SE Runtime Environment" />
    <property name="libs.jaxb.javadoc" value="C:\Program Files\NetBeans-22\netbeans\ide\docs\jaxb-api-doc.jar" />
    <property name="manifest.available" value="true" />
    <property name="libs.spring-framework500.maven-pom" value="" />
    <property name="run.jvmargs.ide" value="" />
    <property name="ant.core.lib" value="C:\Users\Acer\Downloads\apache-ant-1.10.15-bin\apache-ant-1.10.15\lib\ant.jar" />
    <property name="file.reference.javax.mail.jar-1" value="lib\javax.mail.jar" />
    <property name="libs.jsp-compilation.maven-pom" value="" />
    <property name="javac.profile.cmd.line.arg" value="" />
    <property name="libs.jakartaee-web-api-11.0.src" value="" />
    <property name="libs.jakartaee-api-9.0.classpath" value="C:\Program Files\NetBeans-22\netbeans\enterprise\modules\ext\jakarta.jakartaee-api-9.0.0.jar" />
    <property name="application.title" value="QuanLyKhoHang" />
    <property name="do.archive+main.class.available" value="true" />
    <property name="javac.test.modulepath" value="" />
    <property name="libs.jakartaee-api-10.0.src" value="" />
    <property name="libs.PostgreSQLDriver.javadoc" value="" />
    <property name="libs.jsp-compilation-syscp.classpath" value="C:\Program Files\NetBeans-22\netbeans\extide\ant\lib\ant.jar;C:\Program Files\NetBeans-22\netbeans\enterprise\modules\ext\servlet4.0-jsp2.3-api.jar;C:\Program Files\NetBeans-22\netbeans\enterprise\modules\ext\glassfish-jspparser-5.1.0.jar;C:\Program Files\NetBeans-22\netbeans\enterprise\modules\ext\jstl-impl.jar;C:\Program Files\NetBeans-22\netbeans\enterprise\modules\ext\jsf-2_2\javax.faces.jar" />
    <property name="libs.jsp-compilation.classpath" value="C:\Program Files\NetBeans-22\netbeans\extide\ant\lib\ant.jar;C:\Program Files\NetBeans-22\netbeans\enterprise\modules\ext\servlet4.0-jsp2.3-api.jar;C:\Program Files\NetBeans-22\netbeans\enterprise\modules\ext\glassfish-jspparser-5.1.0.jar;C:\Program Files\NetBeans-22\netbeans\enterprise\modules\ext\jsf-2_2\javax.faces.jar;C:\Program Files\NetBeans-22\netbeans\enterprise\modules\ext\jstl-api.jar;C:\Program Files\NetBeans-22\netbeans\extide\ant\lib\ant-launcher.jar" />
    <property name="libs.javaee-api-6.0.classpath" value="C:\Program Files\NetBeans-22\netbeans\enterprise\modules\ext\javaee-api-6.0.jar" />
    <property name="file.reference.org.jacoco.ant-0.8.13.jar" value="E:\Environment\Java\org.jacoco.ant-0.8.13.jar" />
    <property name="libs.javaee-api-7.0.classpath" value="C:\Program Files\NetBeans-22\netbeans\enterprise\modules\ext\javaee-api-7.0.jar" />
    <property name="ant.file.QuanLyKhoHang-impl" value="F:\D\PTIT\Nam4\ki-2\Dam-bao-chat-luong-phan-mem\SQA_N07_QuanLyKhoDienThoai\nbproject\build-impl.xml" />
    <property name="sun.cpu.isalist" value="amd64" />
    <property name="libs.restapi.maven-pom" value="" />
    <property name="do.depend" value="false" />
    <property name="javadoc.preview" value="true" />
    <property name="libs.jakartaee-web-api-10.0.src" value="" />
    <property name="sun.arch.data.model" value="64" />
    <property name="libs.jakartaee-web-api-9.0.maven-pom" value="" />
    <property name="libs.javaee-endorsed-api-7.0.src" value="" />
    <property name="file.reference.TimingFramework-0.55.jar" value="lib/TimingFramework-0.55.jar" />
    <property name="annotation.processing.enabled" value="true" />
    <property name="libs.junit_5.src" value="C:\Program Files\NetBeans-22\netbeans\platform\docs\junit-jupiter-api-5.10.2-sources.jar;C:\Program Files\NetBeans-22\netbeans\platform\docs\junit-jupiter-params-5.10.2-sources.jar;C:\Program Files\NetBeans-22\netbeans\platform\docs\junit-jupiter-engine-5.10.2-sources.jar" />
    <property name="file.reference.commons-logging-1.2.jar" value="lib/lib/commons-logging-1.2.jar" />
    <property name="libs.jaxb.classpath" value="C:\Program Files\NetBeans-22\netbeans\ide\modules\ext\jaxb\jaxb-impl.jar;C:\Program Files\NetBeans-22\netbeans\ide\modules\ext\jaxb\jaxb-xjc.jar;C:\Program Files\NetBeans-22\netbeans\ide\modules\ext\jaxb\activation.jar;C:\Program Files\NetBeans-22\netbeans\ide\modules\ext\jaxb\api\jaxb-api.jar" />
    <property name="libs.javaee-api-8.0.classpath" value="C:\Program Files\NetBeans-22\netbeans\enterprise\modules\ext\javaee-api-8.0.jar" />
    <property name="libs.CopyLibs.src" value="" />
    <property name="ant.file.QuanLyKhoHang" value="F:\D\PTIT\Nam4\ki-2\Dam-bao-chat-luong-phan-mem\SQA_N07_QuanLyKhoDienThoai\build.xml" />
    <property name="javac.source" value="18" />
    <property name="java.specification.vendor" value="Oracle Corporation" />
    <property name="java.version.date" value="2024-07-16" />
    <property name="java.home" value="E:\Environment\Java\jdk-22" />
    <property name="work.dir" value="F:\D\PTIT\Nam4\ki-2\Dam-bao-chat-luong-phan-mem\SQA_N07_QuanLyKhoDienThoai" />
    <property name="javac.test.compilerargs" value="" />
    <property name="libs.PostgreSQLDriver.classpath" value="C:\Program Files\NetBeans-22\netbeans\ide\modules\ext\postgresql-42.5.4.jar" />
    <property name="libs.graaljs.javadoc" value="" />
    <property name="libs.JAXB-ENDORSED.src" value="" />
    <property name="manifest.encoding" value="UTF-8" />
    <property name="user.script" value="" />
    <property name="sun.management.compiler" value="HotSpot 64-Bit Tiered Compilers" />
    <property name="run.test.modulepath" value="" />
    <property name="libs.graaljs.classpath" value="C:\Program Files\NetBeans-22\netbeans\webcommon\modules\ext\js-launcher-24.0.0.jar;C:\Program Files\NetBeans-22\netbeans\webcommon\modules\ext\js-language-24.0.0.jar;C:\Program Files\NetBeans-22\netbeans\webcommon\modules\ext\js-scriptengine-24.0.0.jar;C:\Program Files\NetBeans-22\netbeans\webcommon\modules\ext\regex-24.0.0.jar;C:\Program Files\NetBeans-22\netbeans\webcommon\modules\ext\icu4j-24.0.0.jar;C:\Program Files\NetBeans-22\netbeans\ide\modules\ext\collections-24.0.0.jar;C:\Program Files\NetBeans-22\netbeans\ide\modules\ext\jline-24.0.0.jar;C:\Program Files\NetBeans-22\netbeans\ide\modules\ext\jniutils-24.0.0.jar;C:\Program Files\NetBeans-22\netbeans\ide\modules\ext\launcher-common-24.0.0.jar;C:\Program Files\NetBeans-22\netbeans\ide\modules\ext\nativeimage-24.0.0.jar;C:\Program Files\NetBeans-22\netbeans\ide\modules\ext\polyglot-24.0.0.jar;C:\Program Files\NetBeans-22\netbeans\ide\modules\ext\word-24.0.0.jar;C:\Program Files\NetBeans-22\netbeans\ide\modules\ext\truffle-api-24.0.0.jar;C:\Program Files\NetBeans-22\netbeans\ide\modules\ext\truffle-compiler-24.0.0.jar;C:\Program Files\NetBeans-22\netbeans\ide\modules\ext\truffle-runtime-24.0.0.jar" />
    <property name="libs.javaee-web-api-6.0.classpath" value="C:\Program Files\NetBeans-22\netbeans\enterprise\modules\ext\javaee-web-api-6.0.jar" />
    <property name="libs.jsp-compiler.javadoc" value="" />
    <property name="debug.test.modulepath" value="" />
    <property name="libs.javaee-web-api-7.0.classpath" value="C:\Program Files\NetBeans-22\netbeans\enterprise\modules\ext\javaee-web-api-7.0.jar" />
    <property name="file.encoding" value="UTF-8" />
    <property name="file.reference.flatlaf-3.0.jar" value="lib\flatlaf-3.0.jar" />
    <property name="libs.restlib.javadoc" value="" />
    <property name="file.reference.poi-ooxml-5.2.3.jar" value="lib/lib/poi-ooxml-5.2.3.jar" />
    <property name="libs.absolutelayout.classpath" value="C:\Program Files\NetBeans-22\netbeans\java\modules\ext\AbsoluteLayout.jar" />
    <property name="do.archive" value="true" />
    <property name="file.reference.org.jacoco.report-0.8.13.jar" value="E:\Environment\Java\org.jacoco.report-0.8.13.jar" />
    <property name="built-jar.properties" value="F:\D\PTIT\Nam4\ki-2\Dam-bao-chat-luong-phan-mem\SQA_N07_QuanLyKhoDienThoai\build\built-jar.properties" />
    <property name="libs.testng.src" value="" />
    <property name="libs.javaee-web-api-8.0.classpath" value="C:\Program Files\NetBeans-22\netbeans\enterprise\modules\ext\javaee-web-api-8.0.jar" />
    <property name="platform.active" value="default_platform" />
    <property name="manifest.file" value="manifest.mf" />
    <property name="stderr.encoding" value="Cp1252" />
    <property name="sun.io.unicode.encoding" value="UnicodeLittle" />
    <property name="file.reference.poi-excelant-5.2.3.jar" value="lib/lib/poi-excelant-5.2.3.jar" />
    <property name="file.reference.log4j-core-2.20.0.jar" value="lib/log4j-core-2.20.0.jar" />
    <property name="default.javac.source" value="22" />
    <property name="libs.javaee-web-api-8.0.javadoc" value="C:\Program Files\NetBeans-22\netbeans\enterprise\docs\javaee-doc-api.jar" />
    <property name="file.reference.itextpdf-5.5.12.jar" value="lib\itextpdf-5.5.12.jar" />
    <property name="file.reference.poi-scratchpad-5.2.3.jar" value="lib/lib/poi-scratchpad-5.2.3.jar" />
    <property name="libs.eclipselinkmodelgen.classpath" value="C:\Program Files\NetBeans-22\netbeans\java\modules\ext\eclipselink\org.eclipse.persistence.jpa.modelgen.processor-2.7.12.jar" />
    <property name="javac.systemmodulepath.cmd.line.arg" value="" />
    <property name="endorsed.classpath.cmd.line.arg" value="" />
    <property name="libs.jpa20-persistence.maven-pom" value="" />
    <property name="build.sysclasspath" value="ignore" />
    <property name="os.name" value="Windows 11" />
    <property name="libs.CopyLibs.maven-pom" value="" />
    <property name="libs.jakartaee-api-8.0.maven-pom" value="" />
    <property name="jdkBug6558476" value="false" />
    <property name="javadoc.author" value="false" />
    <property name="main.class" value="GUI.Log_In" />
    <property name="test.dir" value="test" />
    <property name="libs.jsp-compilation-syscp.javadoc" value="" />
    <property name="source.encoding" value="UTF-8" />
    <property name="jar.compress" value="false" />
    <property name="libs.javaee-api-7.0.javadoc" value="C:\Program Files\NetBeans-22\netbeans\enterprise\docs\javaee-doc-api.jar" />
    <property name="libs.spring-webmvc5.0.src" value="" />
    <property name="libs.jsf20.maven-pom" value="" />
    <property name="libs.restlib.classpath" value="C:\Program Files\NetBeans-22\netbeans\enterprise\modules\ext\jersey2\jakarta.annotation-api-2.1.1.jar;C:\Program Files\NetBeans-22\netbeans\enterprise\modules\ext\jersey2\jakarta.persistence-api-2.2.3.jar;C:\Program Files\NetBeans-22\netbeans\enterprise\modules\ext\jersey2\jakarta.servlet-api-4.0.4.jar;C:\Program Files\NetBeans-22\netbeans\enterprise\modules\ext\jersey2\jakarta.validation-api-2.0.2.jar;C:\Program Files\NetBeans-22\netbeans\enterprise\modules\ext\jersey2\jakarta.xml.bind-api-2.3.3.jar;C:\Program Files\NetBeans-22\netbeans\enterprise\modules\ext\jersey2\jersey-client-2.35.jar;C:\Program Files\NetBeans-22\netbeans\enterprise\modules\ext\jersey2\jersey-common-2.35.jar;C:\Program Files\NetBeans-22\netbeans\enterprise\modules\ext\jersey2\jersey-server-2.35.jar;C:\Program Files\NetBeans-22\netbeans\enterprise\modules\ext\jersey2\jersey-entity-filtering-2.35.jar;C:\Program Files\NetBeans-22\netbeans\enterprise\modules\ext\jersey2\jersey-hk2-2.35.jar;C:\Program Files\NetBeans-22\netbeans\enterprise\modules\ext\jersey2\jersey-media-moxy-2.35.jar;C:\Program Files\NetBeans-22\netbeans\enterprise\modules\ext\jersey2\jersey-container-servlet-2.35.jar;C:\Program Files\NetBeans-22\netbeans\enterprise\modules\ext\jersey2\jersey-container-servlet-core-2.35.jar;C:\Program Files\NetBeans-22\netbeans\enterprise\modules\ext\jersey2\hk2-api-2.6.1.jar;C:\Program Files\NetBeans-22\netbeans\enterprise\modules\ext\jersey2\hk2-locator-2.6.1.jar;C:\Program Files\NetBeans-22\netbeans\enterprise\modules\ext\jersey2\hk2-utils-2.6.1.jar;C:\Program Files\NetBeans-22\netbeans\enterprise\modules\ext\jersey2\jakarta.inject-2.6.1.jar;C:\Program Files\NetBeans-22\netbeans\enterprise\modules\ext\jersey2\aopalliance-repackaged-2.6.1.jar;C:\Program Files\NetBeans-22\netbeans\enterprise\modules\ext\jersey2\osgi.core-8.0.0.jar;C:\Program Files\NetBeans-22\netbeans\enterprise\modules\ext\jersey2\osgi-resource-locator-1.0.3.jar;C:\Program Files\NetBeans-22\netbeans\java\modules\ext\eclipselink\org.eclipse.persistence.core-2.7.12.jar;C:\Program Files\NetBeans-22\netbeans\java\modules\ext\eclipselink\org.eclipse.persistence.asm-9.4.0.jar;C:\Program Files\NetBeans-22\netbeans\java\modules\ext\eclipselink\org.eclipse.persistence.antlr-2.7.12.jar;C:\Program Files\NetBeans-22\netbeans\java\modules\ext\eclipselink\org.eclipse.persistence.jpa-2.7.12.jar;C:\Program Files\NetBeans-22\netbeans\java\modules\ext\eclipselink\org.eclipse.persistence.jpa.jpql-2.7.12.jar;C:\Program Files\NetBeans-22\netbeans\java\modules\ext\eclipselink\org.eclipse.persistence.moxy-2.7.12.jar" />
    <property name="libs.jakartaee-web-api-8.0.javadoc" value="C:\Program Files\NetBeans-22\netbeans\enterprise\docs\jakartaee8-doc-api.jar" />
    <property name="libs.graaljs.src" value="" />
    <property name="run.jvmargs" value=" --enable-preview" />
    <property name="libs.primefaces.src" value="" />
    <property name="file.reference.javase-3.3.0.jar" value="lib/javase-3.3.0.jar" />
    <property name="file.reference.jcalendar-1.4.jar" value="lib\jcalendar-1.4.jar" />
    <property name="ant.file" value="F:\D\PTIT\Nam4\ki-2\Dam-bao-chat-luong-phan-mem\SQA_N07_QuanLyKhoDienThoai\build.xml" />
    <property name="stdout.encoding" value="Cp1252" />
    <property name="path.separator" value=";" />
    <property name="libs.JAXB-ENDORSED.classpath" value="C:\Program Files\NetBeans-22\netbeans\ide\modules\ext\jaxb\api\jaxb-api.jar" />
    <property name="libs.restlib.src" value="" />
    <property name="build.test.results.dir" value="build/test/results" />
    <property name="libs.jaxws21.javadoc" value="C:\Program Files\NetBeans-22\netbeans\java\docs\jaxws-api-doc.zip" />
    <property name="libs.javaee-endorsed-api-6.0.javadoc" value="C:\Program Files\NetBeans-22\netbeans\enterprise\docs\javaee-doc-api.jar" />
    <property name="ap.processors.internal" value="" />
    <property name="module.name" value="" />
    <property name="libs.spring-webmvc5.0.javadoc" value="" />
    <property name="libs.hamcrest.javadoc" value="" />
    <property name="file.reference.svgSalamander-1.1.4.jar" value="lib\svgSalamander-1.1.4.jar" />
    <property name="do.jar" value="true" />
    <property name="java.vm.info" value="mixed mode, sharing" />
    <property name="libs.primefaces.classpath" value="C:\Program Files\NetBeans-22\netbeans\enterprise\modules\ext\primefaces\primefaces-5.0.jar" />
    <property name="libs.jaxws21.maven-pom" value="" />
    <property name="run.test.classpath" value="lib\javax.activation-1.2.0.jar:lib\javax.mail.jar:lib/mysql-connector-java-8.0.30.jar:lib/lib/SparseBitSet-1.2.jar:lib/lib/commons-codec-1.15.jar:lib/lib/commons-collections4-4.4.jar:lib/lib/commons-compress-1.21.jar:lib/lib/commons-io-2.11.0.jar:lib/lib/commons-logging-1.2.jar:lib/lib/commons-math3-3.6.1.jar:lib/lib/curvesapi-1.07.jar:lib/lib/jakarta.activation-2.0.1.jar:lib/lib/jakarta.xml.bind-api-3.0.1.jar:lib/lib/log4j-api-2.18.0.jar:lib/lib/poi-5.2.3.jar:lib/lib/poi-examples-5.2.3.jar:lib/lib/poi-excelant-5.2.3.jar:lib/lib/poi-javadoc-5.2.3.jar:lib/lib/poi-ooxml-5.2.3.jar:lib/lib/poi-ooxml-full-5.2.3.jar:lib/lib/poi-ooxml-lite-5.2.3.jar:lib/lib/poi-scratchpad-5.2.3.jar:lib/lib/slf4j-api-1.7.36.jar:lib/lib/xmlbeans-5.1.1.jar:lib\flatlaf-3.0.jar:lib\jcalendar-1.4.jar:lib/log4j-core-2.20.0.jar:lib\flatlaf-fonts-roboto-2.137.jar:lib\flatlaf-extras-3.1.jar:lib\svgSalamander-1.1.4.jar:lib/swingx-all-1.6.4.jar:lib/bridj-0.7.0.jar:lib/core-3.3.0.jar:lib/javase-3.3.0.jar:lib/slf4j-api-1.7.2.jar:lib/slf4j-api-1.7.25.jar:lib/slf4j-simple-1.7.25.jar:lib/webcam-capture-0.3.12.jar:lib/zxing-1.7-javase.jar:lib/zxing-core-2.0.jar:lib/TimingFramework-0.55.jar:lib\itextpdf-5.5.12.jar:C:\Program Files\NetBeans-22\netbeans\platform\modules\ext\junit-4.13.2.jar:C:\Program Files\NetBeans-22\netbeans\platform\modules\ext\hamcrest-core-1.3.jar:E:\Environment\Java\org.jacoco.ant-0.8.13.jar:E:\Environment\Java\org.jacoco.core-0.8.13.jar:E:\Environment\Java\org.jacoco.report-0.8.13.jar:build/classes:C:\Program Files\NetBeans-22\netbeans\platform\modules\ext\junit-4.13.2.jar:C:\Program Files\NetBeans-22\netbeans\platform\modules\ext\hamcrest-core-1.3.jar:E:\Environment\Java\org.jacoco.ant-0.8.13.jar:E:\Environment\Java\org.jacoco.core-0.8.13.jar:E:\Environment\Java\org.jacoco.report-0.8.13.jar:build/test/classes" />
    <property name="file.reference.poi-ooxml-lite-5.2.3.jar" value="lib/lib/poi-ooxml-lite-5.2.3.jar" />
    <property name="dist.jlink.output" value="dist/jlink/QuanLyKhoHang" />
    <property name="java.class.version" value="66.0" />
    <property name="javadoc.encoding.used" value="UTF-8" />
    <property name="src.dir" value="src" />
    <property name="debug.classpath" value="lib\javax.activation-1.2.0.jar:lib\javax.mail.jar:lib/mysql-connector-java-8.0.30.jar:lib/lib/SparseBitSet-1.2.jar:lib/lib/commons-codec-1.15.jar:lib/lib/commons-collections4-4.4.jar:lib/lib/commons-compress-1.21.jar:lib/lib/commons-io-2.11.0.jar:lib/lib/commons-logging-1.2.jar:lib/lib/commons-math3-3.6.1.jar:lib/lib/curvesapi-1.07.jar:lib/lib/jakarta.activation-2.0.1.jar:lib/lib/jakarta.xml.bind-api-3.0.1.jar:lib/lib/log4j-api-2.18.0.jar:lib/lib/poi-5.2.3.jar:lib/lib/poi-examples-5.2.3.jar:lib/lib/poi-excelant-5.2.3.jar:lib/lib/poi-javadoc-5.2.3.jar:lib/lib/poi-ooxml-5.2.3.jar:lib/lib/poi-ooxml-full-5.2.3.jar:lib/lib/poi-ooxml-lite-5.2.3.jar:lib/lib/poi-scratchpad-5.2.3.jar:lib/lib/slf4j-api-1.7.36.jar:lib/lib/xmlbeans-5.1.1.jar:lib\flatlaf-3.0.jar:lib\jcalendar-1.4.jar:lib/log4j-core-2.20.0.jar:lib\flatlaf-fonts-roboto-2.137.jar:lib\flatlaf-extras-3.1.jar:lib\svgSalamander-1.1.4.jar:lib/swingx-all-1.6.4.jar:lib/bridj-0.7.0.jar:lib/core-3.3.0.jar:lib/javase-3.3.0.jar:lib/slf4j-api-1.7.2.jar:lib/slf4j-api-1.7.25.jar:lib/slf4j-simple-1.7.25.jar:lib/webcam-capture-0.3.12.jar:lib/zxing-1.7-javase.jar:lib/zxing-core-2.0.jar:lib/TimingFramework-0.55.jar:lib\itextpdf-5.5.12.jar:C:\Program Files\NetBeans-22\netbeans\platform\modules\ext\junit-4.13.2.jar:C:\Program Files\NetBeans-22\netbeans\platform\modules\ext\hamcrest-core-1.3.jar:E:\Environment\Java\org.jacoco.ant-0.8.13.jar:E:\Environment\Java\org.jacoco.core-0.8.13.jar:E:\Environment\Java\org.jacoco.report-0.8.13.jar:build/classes" />
    <property name="ant.project.default-target" value="default" />
    <property name="file.reference.zxing-1.7-javase.jar" value="lib/zxing-1.7-javase.jar" />
    <property name="excludes" value="" />
    <property name="libs.javaee-api-7.0.src" value="" />
    <property name="sun.jnu.encoding" value="Cp1252" />
    <property name="libs.junit_4.javadoc" value="C:\Program Files\NetBeans-22\netbeans\platform\docs\junit-4.13.2-javadoc.jar" />
    <property name="run.test.jvmargs" value="" />
    <property name="main.class.available" value="true" />
    <property name="libs.jsf20.javadoc" value="C:\Program Files\NetBeans-22\netbeans\enterprise\docs\javaee-doc-api.jar" />
    <property name="empty.dir" value="F:\D\PTIT\Nam4\ki-2\Dam-bao-chat-luong-phan-mem\SQA_N07_QuanLyKhoDienThoai\build\empty" />
    <property name="file.reference.zxing-core-2.0.jar" value="lib/zxing-core-2.0.jar" />
    <property name="libs.jakartaee-api-10.0.classpath" value="C:\Program Files\NetBeans-22\netbeans\enterprise\modules\ext\jakarta.jakartaee-api-10.0.0.jar" />
    <property name="file.separator" value="\" />
    <property name="line.separator" value="&#xd;&#xa;" />
    <property name="javadoc.additionalparam" value="" />
    <property name="libs.spring-webmvc5.0.classpath" value="C:\Program Files\NetBeans-22\netbeans\java\modules\ext\spring-5\spring-webmvc-5.3.31.jar" />
    <property name="javac.debug" value="true" />
    <property name="libs.restlib.maven-pom" value="" />
    <property name="libs.testng.classpath" value="C:\Program Files\NetBeans-22\netbeans\platform\modules\ext\testng-6.14.3.jar;C:\Program Files\NetBeans-22\netbeans\platform\modules\ext\jcommander-1.78.jar" />
    <property name="libs.jsp-compiler.src" value="" />
    <property name="user.name" value="Maii" />
    <property name="build.classes.dir" value="build/classes" />
    <property name="file.reference.swingx-all-1.6.4.jar" value="lib/swingx-all-1.6.4.jar" />
    <property name="javadoc.windowtitle" value="" />
    <property name="nb.junit.single" value="false" />
    <property name="libs.javaee-api-8.0.maven-pom" value="" />
    <property name="libs.jaxws21.src" value="" />
    <property name="libs.jakartaee-web-api-9.0.javadoc" value="C:\Program Files\NetBeans-22\netbeans\enterprise\docs\jakartaee9-doc-api.jar" />
    <property name="libs.junit_5.maven-pom" value="" />
    <property name="libs.jpa20-persistence.javadoc" value="C:\Program Files\NetBeans-22\netbeans\java\modules\ext\docs\jakarta.persistence-2.2.3-doc.zip" />
    <property name="libs.JWSAntTasks.src" value="" />
    <property name="ant.home" value="C:\Users\Acer\Downloads\apache-ant-1.10.15-bin\apache-ant-1.10.15\bin\.." />
    <property name="file.reference.mysql-connector-java-8.0.30.jar" value="lib/mysql-connector-java-8.0.30.jar" />
    <property name="debug.test.classpath" value="lib\javax.activation-1.2.0.jar:lib\javax.mail.jar:lib/mysql-connector-java-8.0.30.jar:lib/lib/SparseBitSet-1.2.jar:lib/lib/commons-codec-1.15.jar:lib/lib/commons-collections4-4.4.jar:lib/lib/commons-compress-1.21.jar:lib/lib/commons-io-2.11.0.jar:lib/lib/commons-logging-1.2.jar:lib/lib/commons-math3-3.6.1.jar:lib/lib/curvesapi-1.07.jar:lib/lib/jakarta.activation-2.0.1.jar:lib/lib/jakarta.xml.bind-api-3.0.1.jar:lib/lib/log4j-api-2.18.0.jar:lib/lib/poi-5.2.3.jar:lib/lib/poi-examples-5.2.3.jar:lib/lib/poi-excelant-5.2.3.jar:lib/lib/poi-javadoc-5.2.3.jar:lib/lib/poi-ooxml-5.2.3.jar:lib/lib/poi-ooxml-full-5.2.3.jar:lib/lib/poi-ooxml-lite-5.2.3.jar:lib/lib/poi-scratchpad-5.2.3.jar:lib/lib/slf4j-api-1.7.36.jar:lib/lib/xmlbeans-5.1.1.jar:lib\flatlaf-3.0.jar:lib\jcalendar-1.4.jar:lib/log4j-core-2.20.0.jar:lib\flatlaf-fonts-roboto-2.137.jar:lib\flatlaf-extras-3.1.jar:lib\svgSalamander-1.1.4.jar:lib/swingx-all-1.6.4.jar:lib/bridj-0.7.0.jar:lib/core-3.3.0.jar:lib/javase-3.3.0.jar:lib/slf4j-api-1.7.2.jar:lib/slf4j-api-1.7.25.jar:lib/slf4j-simple-1.7.25.jar:lib/webcam-capture-0.3.12.jar:lib/zxing-1.7-javase.jar:lib/zxing-core-2.0.jar:lib/TimingFramework-0.55.jar:lib\itextpdf-5.5.12.jar:C:\Program Files\NetBeans-22\netbeans\platform\modules\ext\junit-4.13.2.jar:C:\Program Files\NetBeans-22\netbeans\platform\modules\ext\hamcrest-core-1.3.jar:E:\Environment\Java\org.jacoco.ant-0.8.13.jar:E:\Environment\Java\org.jacoco.core-0.8.13.jar:E:\Environment\Java\org.jacoco.report-0.8.13.jar:build/classes:C:\Program Files\NetBeans-22\netbeans\platform\modules\ext\junit-4.13.2.jar:C:\Program Files\NetBeans-22\netbeans\platform\modules\ext\hamcrest-core-1.3.jar:E:\Environment\Java\org.jacoco.ant-0.8.13.jar:E:\Environment\Java\org.jacoco.core-0.8.13.jar:E:\Environment\Java\org.jacoco.report-0.8.13.jar:build/test/classes" />
    <property name="have.tests" value="true" />
    <property name="javac.external.vm" value="true" />
    <property name="testng.debug.mode" value="" />
    <property name="javac.target" value="18" />
    <property name="ant.version" value="Apache Ant(TM) version 1.10.15 compiled on August 25 2024" />
    <property name="libs.absolutelayout.maven-pom" value="" />
    <property name="classes.dir" value="build/classes" />
    <property name="java.failonerror" value="true" />
    <property name="javac.modulepath" value="" />
    <property name="libs.spring-framework500.src" value="" />
    <property name="file.reference.curvesapi-1.07.jar" value="lib/lib/curvesapi-1.07.jar" />
    <property name="user.properties.file" value="C:\Users\Acer\AppData\Roaming\NetBeans\22\build.properties" />
    <property name="libs.javaee-api-6.0.src" value="" />
    <property name="file.reference.xmlbeans-5.1.1.jar" value="lib/lib/xmlbeans-5.1.1.jar" />
    <property name="java.class.path" value="F:\D\PTIT\Nam4\ki-2\Dam-bao-chat-luong-phan-mem\SQA_N07_QuanLyKhoDienThoai\lib\javax.activation-1.2.0.jar;F:\D\PTIT\Nam4\ki-2\Dam-bao-chat-luong-phan-mem\SQA_N07_QuanLyKhoDienThoai\lib\javax.mail.jar;F:\D\PTIT\Nam4\ki-2\Dam-bao-chat-luong-phan-mem\SQA_N07_QuanLyKhoDienThoai\lib\mysql-connector-java-8.0.30.jar;F:\D\PTIT\Nam4\ki-2\Dam-bao-chat-luong-phan-mem\SQA_N07_QuanLyKhoDienThoai\lib\lib\SparseBitSet-1.2.jar;F:\D\PTIT\Nam4\ki-2\Dam-bao-chat-luong-phan-mem\SQA_N07_QuanLyKhoDienThoai\lib\lib\commons-codec-1.15.jar;F:\D\PTIT\Nam4\ki-2\Dam-bao-chat-luong-phan-mem\SQA_N07_QuanLyKhoDienThoai\lib\lib\commons-collections4-4.4.jar;F:\D\PTIT\Nam4\ki-2\Dam-bao-chat-luong-phan-mem\SQA_N07_QuanLyKhoDienThoai\lib\lib\commons-compress-1.21.jar;F:\D\PTIT\Nam4\ki-2\Dam-bao-chat-luong-phan-mem\SQA_N07_QuanLyKhoDienThoai\lib\lib\commons-io-2.11.0.jar;F:\D\PTIT\Nam4\ki-2\Dam-bao-chat-luong-phan-mem\SQA_N07_QuanLyKhoDienThoai\lib\lib\commons-logging-1.2.jar;F:\D\PTIT\Nam4\ki-2\Dam-bao-chat-luong-phan-mem\SQA_N07_QuanLyKhoDienThoai\lib\lib\commons-math3-3.6.1.jar;F:\D\PTIT\Nam4\ki-2\Dam-bao-chat-luong-phan-mem\SQA_N07_QuanLyKhoDienThoai\lib\lib\curvesapi-1.07.jar;F:\D\PTIT\Nam4\ki-2\Dam-bao-chat-luong-phan-mem\SQA_N07_QuanLyKhoDienThoai\lib\lib\jakarta.activation-2.0.1.jar;F:\D\PTIT\Nam4\ki-2\Dam-bao-chat-luong-phan-mem\SQA_N07_QuanLyKhoDienThoai\lib\lib\jakarta.xml.bind-api-3.0.1.jar;F:\D\PTIT\Nam4\ki-2\Dam-bao-chat-luong-phan-mem\SQA_N07_QuanLyKhoDienThoai\lib\lib\log4j-api-2.18.0.jar;F:\D\PTIT\Nam4\ki-2\Dam-bao-chat-luong-phan-mem\SQA_N07_QuanLyKhoDienThoai\lib\lib\poi-5.2.3.jar;F:\D\PTIT\Nam4\ki-2\Dam-bao-chat-luong-phan-mem\SQA_N07_QuanLyKhoDienThoai\lib\lib\poi-examples-5.2.3.jar;F:\D\PTIT\Nam4\ki-2\Dam-bao-chat-luong-phan-mem\SQA_N07_QuanLyKhoDienThoai\lib\lib\poi-excelant-5.2.3.jar;F:\D\PTIT\Nam4\ki-2\Dam-bao-chat-luong-phan-mem\SQA_N07_QuanLyKhoDienThoai\lib\lib\poi-javadoc-5.2.3.jar;F:\D\PTIT\Nam4\ki-2\Dam-bao-chat-luong-phan-mem\SQA_N07_QuanLyKhoDienThoai\lib\lib\poi-ooxml-5.2.3.jar;F:\D\PTIT\Nam4\ki-2\Dam-bao-chat-luong-phan-mem\SQA_N07_QuanLyKhoDienThoai\lib\lib\poi-ooxml-full-5.2.3.jar;F:\D\PTIT\Nam4\ki-2\Dam-bao-chat-luong-phan-mem\SQA_N07_QuanLyKhoDienThoai\lib\lib\poi-ooxml-lite-5.2.3.jar;F:\D\PTIT\Nam4\ki-2\Dam-bao-chat-luong-phan-mem\SQA_N07_QuanLyKhoDienThoai\lib\lib\poi-scratchpad-5.2.3.jar;F:\D\PTIT\Nam4\ki-2\Dam-bao-chat-luong-phan-mem\SQA_N07_QuanLyKhoDienThoai\lib\lib\slf4j-api-1.7.36.jar;F:\D\PTIT\Nam4\ki-2\Dam-bao-chat-luong-phan-mem\SQA_N07_QuanLyKhoDienThoai\lib\lib\xmlbeans-5.1.1.jar;F:\D\PTIT\Nam4\ki-2\Dam-bao-chat-luong-phan-mem\SQA_N07_QuanLyKhoDienThoai\lib\flatlaf-3.0.jar;F:\D\PTIT\Nam4\ki-2\Dam-bao-chat-luong-phan-mem\SQA_N07_QuanLyKhoDienThoai\lib\jcalendar-1.4.jar;F:\D\PTIT\Nam4\ki-2\Dam-bao-chat-luong-phan-mem\SQA_N07_QuanLyKhoDienThoai\lib\log4j-core-2.20.0.jar;F:\D\PTIT\Nam4\ki-2\Dam-bao-chat-luong-phan-mem\SQA_N07_QuanLyKhoDienThoai\lib\flatlaf-fonts-roboto-2.137.jar;F:\D\PTIT\Nam4\ki-2\Dam-bao-chat-luong-phan-mem\SQA_N07_QuanLyKhoDienThoai\lib\flatlaf-extras-3.1.jar;F:\D\PTIT\Nam4\ki-2\Dam-bao-chat-luong-phan-mem\SQA_N07_QuanLyKhoDienThoai\lib\svgSalamander-1.1.4.jar;F:\D\PTIT\Nam4\ki-2\Dam-bao-chat-luong-phan-mem\SQA_N07_QuanLyKhoDienThoai\lib\swingx-all-1.6.4.jar;F:\D\PTIT\Nam4\ki-2\Dam-bao-chat-luong-phan-mem\SQA_N07_QuanLyKhoDienThoai\lib\bridj-0.7.0.jar;F:\D\PTIT\Nam4\ki-2\Dam-bao-chat-luong-phan-mem\SQA_N07_QuanLyKhoDienThoai\lib\core-3.3.0.jar;F:\D\PTIT\Nam4\ki-2\Dam-bao-chat-luong-phan-mem\SQA_N07_QuanLyKhoDienThoai\lib\javase-3.3.0.jar;F:\D\PTIT\Nam4\ki-2\Dam-bao-chat-luong-phan-mem\SQA_N07_QuanLyKhoDienThoai\lib\slf4j-api-1.7.2.jar;F:\D\PTIT\Nam4\ki-2\Dam-bao-chat-luong-phan-mem\SQA_N07_QuanLyKhoDienThoai\lib\slf4j-api-1.7.25.jar;F:\D\PTIT\Nam4\ki-2\Dam-bao-chat-luong-phan-mem\SQA_N07_QuanLyKhoDienThoai\lib\slf4j-simple-1.7.25.jar;F:\D\PTIT\Nam4\ki-2\Dam-bao-chat-luong-phan-mem\SQA_N07_QuanLyKhoDienThoai\lib\webcam-capture-0.3.12.jar;F:\D\PTIT\Nam4\ki-2\Dam-bao-chat-luong-phan-mem\SQA_N07_QuanLyKhoDienThoai\lib\zxing-1.7-javase.jar;F:\D\PTIT\Nam4\ki-2\Dam-bao-chat-luong-phan-mem\SQA_N07_QuanLyKhoDienThoai\lib\zxing-core-2.0.jar;F:\D\PTIT\Nam4\ki-2\Dam-bao-chat-luong-phan-mem\SQA_N07_QuanLyKhoDienThoai\lib\TimingFramework-0.55.jar;F:\D\PTIT\Nam4\ki-2\Dam-bao-chat-luong-phan-mem\SQA_N07_QuanLyKhoDienThoai\lib\itextpdf-5.5.12.jar;C:\Program Files\NetBeans-22\netbeans\platform\modules\ext\junit-4.13.2.jar;C:\Program Files\NetBeans-22\netbeans\platform\modules\ext\hamcrest-core-1.3.jar;E:\Environment\Java\org.jacoco.ant-0.8.13.jar;E:\Environment\Java\org.jacoco.core-0.8.13.jar;E:\Environment\Java\org.jacoco.report-0.8.13.jar;F:\D\PTIT\Nam4\ki-2\Dam-bao-chat-luong-phan-mem\SQA_N07_QuanLyKhoDienThoai\build\classes;F:\D\PTIT\Nam4\ki-2\Dam-bao-chat-luong-phan-mem\SQA_N07_QuanLyKhoDienThoai\build\test\classes;C:\Users\Acer\Downloads\apache-ant-1.10.15-bin\apache-ant-1.10.15\lib\ant-launcher.jar;C:\Users\Acer\Downloads\apache-ant-1.10.15-bin\apache-ant-1.10.15\lib\ant.jar;C:\Users\Acer\Downloads\apache-ant-1.10.15-bin\apache-ant-1.10.15\lib\ant-junit.jar;C:\Users\Acer\Downloads\apache-ant-1.10.15-bin\apache-ant-1.10.15\lib\ant-junit4.jar" />
    <property name="libs.javaee-web-api-6.0.maven-pom" value="" />
    <property name="java.vm.vendor" value="Oracle Corporation" />
    <property name="ap.supported.internal" value="true" />
    <property name="user.variant" value="" />
    <property name="test.binaryexcludes" value="" />
    <property name="javac.compilerargs" value=" --enable-preview" />
    <property name="libs.jstl.maven-pom" value="" />
    <property name="libs.jakartaee-web-api-8.0.src" value="" />
    <property name="sun.cpu.endian" value="little" />
    <property name="libs.jakartaee-api-9.0.src" value="" />
    <property name="libs.jakartaee-web-api-11.0.javadoc" value="C:\Program Files\NetBeans-22\netbeans\enterprise\docs\jakartaee11-doc-api.jar" />
    <property name="libs.junit_4.src" value="C:\Program Files\NetBeans-22\netbeans\platform\docs\junit-4.13.2-sources.jar" />
    <property name="user.language" value="en" />
    <property name="copylibs.rebase" value="true" />
    <property name="libs.javaee-web-api-6.0.src" value="" />
    <property name="file.reference.webcam-capture-0.3.12.jar" value="lib/webcam-capture-0.3.12.jar" />
    <property name="javadoc.nonavbar" value="false" />
    <property name="file.reference.poi-5.2.3.jar" value="lib/lib/poi-5.2.3.jar" />
    <property name="libs.javaee-api-8.0.src" value="" />
    <property name="ant.java.version" value="22" />
    <property name="libs.junit_4.classpath" value="C:\Program Files\NetBeans-22\netbeans\platform\modules\ext\junit-4.13.2.jar" />
    <property name="libs.jakartaee-api-9.0.javadoc" value="C:\Program Files\NetBeans-22\netbeans\enterprise\docs\jakartaee9-doc-api.jar" />
    <property name="jlink.launcher.name" value="QuanLyKhoHang" />
    <property name="test.binarytestincludes" value="" />
    <property name="libs.junit_4.maven-pom" value="" />
    <property name="libs.spring-webmvc5.0.maven-pom" value="" />
    <property name="libs.jsp-compiler.maven-pom" value="" />
    <property name="runtime.encoding" value="UTF-8" />
    <property name="jlink.additionalmodules" value="" />
    <property name="libs.jakartaee-web-api-10.0.javadoc" value="C:\Program Files\NetBeans-22\netbeans\enterprise\docs\jakartaee10-doc-api.jar" />
    <property name="libs.jakartaee-web-api-8.0.classpath" value="C:\Program Files\NetBeans-22\netbeans\enterprise\modules\ext\jakarta.jakartaee-web-api-8.0.0.jar" />
    <property name="javac.classpath" value="lib\javax.activation-1.2.0.jar:lib\javax.mail.jar:lib/mysql-connector-java-8.0.30.jar:lib/lib/SparseBitSet-1.2.jar:lib/lib/commons-codec-1.15.jar:lib/lib/commons-collections4-4.4.jar:lib/lib/commons-compress-1.21.jar:lib/lib/commons-io-2.11.0.jar:lib/lib/commons-logging-1.2.jar:lib/lib/commons-math3-3.6.1.jar:lib/lib/curvesapi-1.07.jar:lib/lib/jakarta.activation-2.0.1.jar:lib/lib/jakarta.xml.bind-api-3.0.1.jar:lib/lib/log4j-api-2.18.0.jar:lib/lib/poi-5.2.3.jar:lib/lib/poi-examples-5.2.3.jar:lib/lib/poi-excelant-5.2.3.jar:lib/lib/poi-javadoc-5.2.3.jar:lib/lib/poi-ooxml-5.2.3.jar:lib/lib/poi-ooxml-full-5.2.3.jar:lib/lib/poi-ooxml-lite-5.2.3.jar:lib/lib/poi-scratchpad-5.2.3.jar:lib/lib/slf4j-api-1.7.36.jar:lib/lib/xmlbeans-5.1.1.jar:lib\flatlaf-3.0.jar:lib\jcalendar-1.4.jar:lib/log4j-core-2.20.0.jar:lib\flatlaf-fonts-roboto-2.137.jar:lib\flatlaf-extras-3.1.jar:lib\svgSalamander-1.1.4.jar:lib/swingx-all-1.6.4.jar:lib/bridj-0.7.0.jar:lib/core-3.3.0.jar:lib/javase-3.3.0.jar:lib/slf4j-api-1.7.2.jar:lib/slf4j-api-1.7.25.jar:lib/slf4j-simple-1.7.25.jar:lib/webcam-capture-0.3.12.jar:lib/zxing-1.7-javase.jar:lib/zxing-core-2.0.jar:lib/TimingFramework-0.55.jar:lib\itextpdf-5.5.12.jar:C:\Program Files\NetBeans-22\netbeans\platform\modules\ext\junit-4.13.2.jar:C:\Program Files\NetBeans-22\netbeans\platform\modules\ext\hamcrest-core-1.3.jar:E:\Environment\Java\org.jacoco.ant-0.8.13.jar:E:\Environment\Java\org.jacoco.core-0.8.13.jar:E:\Environment\Java\org.jacoco.report-0.8.13.jar" />
    <property name="dist.jlink.dir" value="dist/jlink" />
    <property name="file.reference.slf4j-api-1.7.2.jar" value="lib/slf4j-api-1.7.2.jar" />
    <property name="nb.junit.batch" value="true" />
    <property name="file.reference.jakarta.xml.bind-api-3.0.1.jar" value="lib/lib/jakarta.xml.bind-api-3.0.1.jar" />
    <property name="libs.jakartaee-web-api-10.0.maven-pom" value="" />
    <property name="build.test.classes.dir" value="build/test/classes" />
    <property name="ant.project.invoked-targets" value="test" />
    <property name="libs.jstl.classpath" value="C:\Program Files\NetBeans-22\netbeans\enterprise\modules\ext\jstl-impl.jar;C:\Program Files\NetBeans-22\netbeans\enterprise\modules\ext\jstl-api.jar" />
    <property name="ap.cmd.line.internal" value="" />
    <property name="report.dir" value="coverage-report" />
    <property name="libs.PostgreSQLDriver.src" value="" />
    <property name="java.vendor.url.bug" value="https://bugreport.java.com/bugreport/" />
    <property name="annotation.processing.source.output" value="build/generated-sources/ap-source-output" />
    <property name="libs.javaee-endorsed-api-6.0.maven-pom" value="" />
    <property name="user.dir" value="F:\D\PTIT\Nam4\ki-2\Dam-bao-chat-luong-phan-mem\SQA_N07_QuanLyKhoDienThoai" />
    <property name="platform.java" value="E:\Environment\Java\jdk-22/bin/java" />
    <property name="application.args" value="" />
    <property name="libs.jakartaee-web-api-8.0.maven-pom" value="" />
    <property name="libs.eclipselink.src" value="" />
    <property name="file.reference.slf4j-api-1.7.25.jar" value="lib/slf4j-api-1.7.25.jar" />
    <property name="java.vm.version" value="22.0.2+9-70" />
    <property name="libs.metro.javadoc" value="C:\Program Files\NetBeans-22\netbeans\enterprise\docs\webservices-api-javadoc.jar;C:\Program Files\NetBeans-22\netbeans\enterprise\docs\webservices-extra-javadoc.jar;C:\Program Files\NetBeans-22\netbeans\enterprise\docs\webservices-extra-api-javadoc.jar;C:\Program Files\NetBeans-22\netbeans\enterprise\docs\webservices-rt-javadoc.jar;C:\Program Files\NetBeans-22\netbeans\enterprise\docs\webservices-tools-javadoc.jar" />
    <property name="libs.jakartaee-web-api-9.0.src" value="" />
    <property name="libs.jakartaee-web-api-10.0.classpath" value="C:\Program Files\NetBeans-22\netbeans\enterprise\modules\ext\jakarta.jakartaee-web-api-10.0.0.jar" />
    <property name="annotation.processing.run.all.processors" value="true" />
    <property name="libs.jakartaee-api-8.0.src" value="" />
    <property name="libs.javaee-web-api-7.0.src" value="" />
    <property name="junit.forkmode" value="perTest" />
    <property name="libs.jsp-compiler.classpath" value="C:\Program Files\NetBeans-22\netbeans\enterprise\ant\extra\jspcompile.jar" />
    <property name="libs.javaee-endorsed-api-6.0.classpath" value="C:\Program Files\NetBeans-22\netbeans\enterprise\modules\ext\javaee6-endorsed\javax.annotation.jar;C:\Program Files\NetBeans-22\netbeans\enterprise\modules\ext\javaee6-endorsed\jaxb-api-osgi.jar;C:\Program Files\NetBeans-22\netbeans\enterprise\modules\ext\javaee6-endorsed\webservices-api-osgi.jar" />
  </properties>
  <testcase classname="DAO.SanPhamDAOTest" name="testSelectById_NotExists_SP016" time="0.163" />
  <testcase classname="DAO.SanPhamDAOTest" name="testUpdateSoLuongTon_Valid_SP025" time="0.011" />
  <testcase classname="DAO.SanPhamDAOTest" name="testSelectById_Exists_SP015" time="0.004" />
  <testcase classname="DAO.SanPhamDAOTest" name="testSelectByPhienBan_NotExists_SP020" time="0.005" />
  <testcase classname="DAO.SanPhamDAOTest" name="testDelete_NullId_SP012" time="0.012">
    <failure message="Expected exception: java.lang.IllegalArgumentException" type="junit.framework.AssertionFailedError">junit.framework.AssertionFailedError: Expected exception: java.lang.IllegalArgumentException
</failure>
  </testcase>
  <testcase classname="DAO.SanPhamDAOTest" name="testSelectByPhienBan_Invalid_SP021" time="0.005">
    <failure message="Expected exception: java.lang.Exception" type="junit.framework.AssertionFailedError">junit.framework.AssertionFailedError: Expected exception: java.lang.Exception
</failure>
  </testcase>
  <testcase classname="DAO.SanPhamDAOTest" name="testUpdateSoLuongTon_InvalidQuantity_SP027" time="0.009">
    <failure message="expected:&lt;0&gt; but was:&lt;1&gt;" type="junit.framework.AssertionFailedError">junit.framework.AssertionFailedError: expected:&lt;0&gt; but was:&lt;1&gt;
	at DAO.SanPhamDAOTest.testUpdateSoLuongTon_InvalidQuantity_SP027(SanPhamDAOTest.java:274)
	at java.base/jdk.internal.reflect.DirectMethodHandleAccessor.invoke(DirectMethodHandleAccessor.java:103)
</failure>
  </testcase>
  <testcase classname="DAO.SanPhamDAOTest" name="testInsert_ValidProduct_SP001" time="0.005" />
  <testcase classname="DAO.SanPhamDAOTest" name="testSelectAll_WhenDataIsEmpty_SP013" time="0.024">
    <failure message="expected null, but was:&lt;[SanPhamDTO{masp=2, tensp=Sản phẩm C, hinhanh=image_c.jpg, xuatxu=-1, chipxuly=Chip C, dungluongpin=5000, kichthuocman=6.5, hedieuhanh=1, phienbanhdh=2, camerasau=Camera sau 12MP, cameratruoc=Camera trước 8MP, thoigianbaohanh=24, thuonghieu=1, khuvuckho=1, soluongton=3}, SanPhamDTO{masp=4, tensp=Vivo Y02s, hinhanh=74vivo-y02s-thumb-1-2-3-600x600.jpg, xuatxu=1, chipxuly=MediaTek Helio P35, dungluongpin=5000, kichthuocman=6.51, hedieuhanh=1, phienbanhdh=12, camerasau=8 MP, cameratruoc= 5 MP, thoigianbaohanh=24, thuonghieu=10, khuvuckho=3, soluongton=14}, SanPhamDTO{masp=5, tensp=Samsung Galaxy A54 5G, hinhanh=399samsung-galaxy-a54-5g-tim-thumb-600x600.jpg, xuatxu=2, chipxuly= Exynos 1380 8 nhân, dungluongpin=5000, kichthuocman=6.4, hedieuhanh=1, phienbanhdh=12, camerasau=Chính 50 MP &amp; Phụ 12 MP, 5 MP, cameratruoc= 32 MP, thoigianbaohanh=24, thuonghieu=3, khuvuckho=3, soluongton=39}, SanPhamDTO{masp=6, tensp=Samsung Galaxy A13, hinhanh=337samsung-galaxy-a14-black-thumb-600x600.jpg, xuatxu=1, chipxuly=Exynos 850, dungluongpin=5000, kichthuocman=6.6, hedieuhanh=1, phienbanhdh=12, camerasau=Chính 50 MP &amp; Phụ 5 MP, 2 MP, 2 MP, cameratruoc=8 MP, thoigianbaohanh=24, thuonghieu=3, khuvuckho=2, soluongton=27}, SanPhamDTO{masp=7, tensp=Xiaomi Redmi Note 12, hinhanh=717xiaomi-redmi-note-12-4g-mono-den-600x600.jpg, xuatxu=1, chipxuly= Snapdragon 685 8 nhân, dungluongpin=5000, kichthuocman=6.67, hedieuhanh=1, phienbanhdh=12, camerasau=Chính 50 MP &amp; Phụ 8 MP, 2 MP, cameratruoc=13 MP, thoigianbaohanh=24, thuonghieu=2, khuvuckho=4, soluongton=22}, SanPhamDTO{masp=8, tensp=Xiaomi Redmi 12C, hinhanh=437xiaomi-redmi-12c-grey-thumb-600x600.jpg, xuatxu=1, chipxuly=MediaTek Helio G85, dungluongpin=5000, kichthuocman=6.71, hedieuhanh=1, phienbanhdh=12, camerasau=Chính 50 MP &amp; Phụ QVGA, cameratruoc=5 MP, thoigianbaohanh=24, thuonghieu=1, khuvuckho=1, soluongton=0}, SanPhamDTO{masp=9, tensp=Samsung Galaxy S20 FE, hinhanh=286samsung-galaxy-s20-fan-edition-xanh-la-thumbnew-600x600.jpeg, xuatxu=1, chipxuly=Snapdragon 865, dungluongpin=4500, kichthuocman=6.5, hedieuhanh=1, phienbanhdh=12, camerasau=Chính 12 MP &amp; Phụ 12 MP, 8 MP, cameratruoc=32 MP, thoigianbaohanh=24, thuonghieu=3, khuvuckho=4, soluongton=6}, SanPhamDTO{masp=10, tensp=Samsung Galaxy A23, hinhanh=826samsung-galaxy-a23-cam-thumb-600x600.jpg, xuatxu=1, chipxuly=Snapdragon 680, dungluongpin=5000, kichthuocman=6.6, hedieuhanh=1, phienbanhdh=12, camerasau=Chính 50 MP &amp; Phụ 5 MP, 2 MP, 2 MP, cameratruoc=8 MP, thoigianbaohanh=24, thuonghieu=1, khuvuckho=1, soluongton=10}, SanPhamDTO{masp=11, tensp=Realme Note 10, hinhanh=877realme-10-thumb-1-600x600.jpg, xuatxu=1, chipxuly=MediaTek Helio G99, dungluongpin=5000, kichthuocman=6.4, hedieuhanh=1, phienbanhdh=12, camerasau=Chính 50 MP &amp; Phụ 2 MP, cameratruoc=16 MP, thoigianbaohanh=24, thuonghieu=11, khuvuckho=1, soluongton=0}, SanPhamDTO{masp=12, tensp=Vivo Y21, hinhanh=960vivo-y21-blue-01-600x600.jpg, xuatxu=1, chipxuly=MediaTek Helio P35, dungluongpin=5000, kichthuocman=6.51, hedieuhanh=1, phienbanhdh=12, camerasau=, cameratruoc=, thoigianbaohanh=24, thuonghieu=10, khuvuckho=4, soluongton=11}, SanPhamDTO{masp=13, tensp=Samsung Galaxy S22+ 5G, hinhanh=177Galaxy-S22-Ultra-Burgundy-600x600.jpg, xuatxu=1, chipxuly=Snapdragon 8 Gen 1, dungluongpin=4500, kichthuocman=6.6, hedieuhanh=1, phienbanhdh=12, camerasau=Chính 50 MP &amp; Phụ 12 MP, 10 MP, cameratruoc=10 MP, thoigianbaohanh=24, thuonghieu=3, khuvuckho=4, soluongton=20}, SanPhamDTO{masp=14, tensp=OPPO Reno6 Pro 5G, hinhanh=203oppo-reno6-pro-grey-600x600.jpg, xuatxu=1, chipxuly=Snapdragon 870 5G, dungluongpin=4500, kichthuocman=6.55, hedieuhanh=1, phienbanhdh=11, camerasau=Chính 50 MP &amp; Phụ 16 MP, 13 MP, 2 MP, cameratruoc=32 MP, thoigianbaohanh=24, thuonghieu=3, khuvuckho=4, soluongton=7}, SanPhamDTO{masp=15, tensp= OPPO A95, hinhanh=555oppo-a95-4g-bac-2-600x600.jpg, xuatxu=2, chipxuly=Snapdragon 662, dungluongpin=5000, kichthuocman=6.43, hedieuhanh=1, phienbanhdh=11, camerasau=Chính 48 MP &amp; Phụ 2 MP, 2 MP, cameratruoc=16 MP, thoigianbaohanh=24, thuonghieu=1, khuvuckho=1, soluongton=5}, SanPhamDTO{masp=21, tensp=Iphone 14 Pro Max, hinhanh=498352iphone-14-pro-max.jpg, xuatxu=2, chipxuly=Apple A15 Bionic, dungluongpin=5000, kichthuocman=6.1, hedieuhanh=2, phienbanhdh=17, camerasau=48MP, cameratruoc=12MP, thoigianbaohanh=24, thuonghieu=1, khuvuckho=3, soluongton=0}, SanPhamDTO{masp=22, tensp=Iphone 14 pro max, hinhanh=925352iphone-14-pro-max.jpg, xuatxu=1, chipxuly=chip xu ly, dungluongpin=5000, kichthuocman=6.1, hedieuhanh=2, phienbanhdh=17, camerasau=48MP, cameratruoc=12MP, thoigianbaohanh=24, thuonghieu=1, khuvuckho=3, soluongton=0}, SanPhamDTO{masp=23, tensp=                   , hinhanh=517352iphone-14-pro-max.jpg, xuatxu=1, chipxuly=                      , dungluongpin=5000, kichthuocman=1.0, hedieuhanh=1, phienbanhdh=17, camerasau=2, cameratruoc=5, thoigianbaohanh=2, thuonghieu=1, khuvuckho=1, soluongton=0}, SanPhamDTO{masp=24, tensp=Sản phẩm A, hinhanh=image_a.jpg, xuatxu=1, chipxuly=Chip A, dungluongpin=5000, kichthuocman=6.5, hedieuhanh=1, phienbanhdh=2, camerasau=Camera sau 12MP, cameratruoc=Camera trước 8MP, thoigianbaohanh=24, thuonghieu=1, khuvuckho=1, soluongton=0}, SanPhamDTO{masp=30, tensp=Sản phẩm C, hinhanh=image_c.jpg, xuatxu=1, chipxuly=null, dungluongpin=5000, kichthuocman=6.5, hedieuhanh=1, phienbanhdh=2, camerasau=Camera sau 12MP, cameratruoc=Camera trước 8MP, thoigianbaohanh=24, thuonghieu=1, khuvuckho=1, soluongton=0}, SanPhamDTO{masp=1023, tensp=Iphone 13, hinhanh=iphone13.jpg, xuatxu=1, chipxuly=A15 Bionic, dungluongpin=5000, kichthuocman=6.1, hedieuhanh=1, phienbanhdh=13, camerasau=12MP, cameratruoc=12MP, thoigianbaohanh=12, thuonghieu=1, khuvuckho=101, soluongton=0}, SanPhamDTO{masp=1024, tensp=Iphone 13, hinhanh=iphone13.jpg, xuatxu=1, chipxuly=A15 Bionic, dungluongpin=5000, kichthuocman=6.1, hedieuhanh=1, phienbanhdh=13, camerasau=12MP, cameratruoc=12MP, thoigianbaohanh=12, thuonghieu=1, khuvuckho=101, soluongton=0}, SanPhamDTO{masp=1025, tensp=Iphone 13, hinhanh=iphone13.jpg, xuatxu=1, chipxuly=A15 Bionic, dungluongpin=5000, kichthuocman=6.1, hedieuhanh=1, phienbanhdh=13, camerasau=12MP, cameratruoc=12MP, thoigianbaohanh=12, thuonghieu=1, khuvuckho=101, soluongton=0}, SanPhamDTO{masp=1026, tensp=Iphone 13, hinhanh=iphone13.jpg, xuatxu=1, chipxuly=A15 Bionic, dungluongpin=5000, kichthuocman=6.1, hedieuhanh=1, phienbanhdh=13, camerasau=12MP, cameratruoc=12MP, thoigianbaohanh=12, thuonghieu=1, khuvuckho=101, soluongton=0}, SanPhamDTO{masp=1027, tensp=Iphone 13, hinhanh=iphone13.jpg, xuatxu=1, chipxuly=A15 Bionic, dungluongpin=5000, kichthuocman=6.1, hedieuhanh=1, phienbanhdh=13, camerasau=12MP, cameratruoc=12MP, thoigianbaohanh=12, thuonghieu=1, khuvuckho=101, soluongton=0}, SanPhamDTO{masp=1028, tensp=Iphone 13, hinhanh=iphone13.jpg, xuatxu=1, chipxuly=A15 Bionic, dungluongpin=5000, kichthuocman=6.1, hedieuhanh=1, phienbanhdh=13, camerasau=12MP, cameratruoc=12MP, thoigianbaohanh=12, thuonghieu=1, khuvuckho=101, soluongton=0}]&gt;" type="junit.framework.AssertionFailedError">junit.framework.AssertionFailedError: expected null, but was:&lt;[SanPhamDTO{masp=2, tensp=Sản phẩm C, hinhanh=image_c.jpg, xuatxu=-1, chipxuly=Chip C, dungluongpin=5000, kichthuocman=6.5, hedieuhanh=1, phienbanhdh=2, camerasau=Camera sau 12MP, cameratruoc=Camera trước 8MP, thoigianbaohanh=24, thuonghieu=1, khuvuckho=1, soluongton=3}, SanPhamDTO{masp=4, tensp=Vivo Y02s, hinhanh=74vivo-y02s-thumb-1-2-3-600x600.jpg, xuatxu=1, chipxuly=MediaTek Helio P35, dungluongpin=5000, kichthuocman=6.51, hedieuhanh=1, phienbanhdh=12, camerasau=8 MP, cameratruoc= 5 MP, thoigianbaohanh=24, thuonghieu=10, khuvuckho=3, soluongton=14}, SanPhamDTO{masp=5, tensp=Samsung Galaxy A54 5G, hinhanh=399samsung-galaxy-a54-5g-tim-thumb-600x600.jpg, xuatxu=2, chipxuly= Exynos 1380 8 nhân, dungluongpin=5000, kichthuocman=6.4, hedieuhanh=1, phienbanhdh=12, camerasau=Chính 50 MP &amp; Phụ 12 MP, 5 MP, cameratruoc= 32 MP, thoigianbaohanh=24, thuonghieu=3, khuvuckho=3, soluongton=39}, SanPhamDTO{masp=6, tensp=Samsung Galaxy A13, hinhanh=337samsung-galaxy-a14-black-thumb-600x600.jpg, xuatxu=1, chipxuly=Exynos 850, dungluongpin=5000, kichthuocman=6.6, hedieuhanh=1, phienbanhdh=12, camerasau=Chính 50 MP &amp; Phụ 5 MP, 2 MP, 2 MP, cameratruoc=8 MP, thoigianbaohanh=24, thuonghieu=3, khuvuckho=2, soluongton=27}, SanPhamDTO{masp=7, tensp=Xiaomi Redmi Note 12, hinhanh=717xiaomi-redmi-note-12-4g-mono-den-600x600.jpg, xuatxu=1, chipxuly= Snapdragon 685 8 nhân, dungluongpin=5000, kichthuocman=6.67, hedieuhanh=1, phienbanhdh=12, camerasau=Chính 50 MP &amp; Phụ 8 MP, 2 MP, cameratruoc=13 MP, thoigianbaohanh=24, thuonghieu=2, khuvuckho=4, soluongton=22}, SanPhamDTO{masp=8, tensp=Xiaomi Redmi 12C, hinhanh=437xiaomi-redmi-12c-grey-thumb-600x600.jpg, xuatxu=1, chipxuly=MediaTek Helio G85, dungluongpin=5000, kichthuocman=6.71, hedieuhanh=1, phienbanhdh=12, camerasau=Chính 50 MP &amp; Phụ QVGA, cameratruoc=5 MP, thoigianbaohanh=24, thuonghieu=1, khuvuckho=1, soluongton=0}, SanPhamDTO{masp=9, tensp=Samsung Galaxy S20 FE, hinhanh=286samsung-galaxy-s20-fan-edition-xanh-la-thumbnew-600x600.jpeg, xuatxu=1, chipxuly=Snapdragon 865, dungluongpin=4500, kichthuocman=6.5, hedieuhanh=1, phienbanhdh=12, camerasau=Chính 12 MP &amp; Phụ 12 MP, 8 MP, cameratruoc=32 MP, thoigianbaohanh=24, thuonghieu=3, khuvuckho=4, soluongton=6}, SanPhamDTO{masp=10, tensp=Samsung Galaxy A23, hinhanh=826samsung-galaxy-a23-cam-thumb-600x600.jpg, xuatxu=1, chipxuly=Snapdragon 680, dungluongpin=5000, kichthuocman=6.6, hedieuhanh=1, phienbanhdh=12, camerasau=Chính 50 MP &amp; Phụ 5 MP, 2 MP, 2 MP, cameratruoc=8 MP, thoigianbaohanh=24, thuonghieu=1, khuvuckho=1, soluongton=10}, SanPhamDTO{masp=11, tensp=Realme Note 10, hinhanh=877realme-10-thumb-1-600x600.jpg, xuatxu=1, chipxuly=MediaTek Helio G99, dungluongpin=5000, kichthuocman=6.4, hedieuhanh=1, phienbanhdh=12, camerasau=Chính 50 MP &amp; Phụ 2 MP, cameratruoc=16 MP, thoigianbaohanh=24, thuonghieu=11, khuvuckho=1, soluongton=0}, SanPhamDTO{masp=12, tensp=Vivo Y21, hinhanh=960vivo-y21-blue-01-600x600.jpg, xuatxu=1, chipxuly=MediaTek Helio P35, dungluongpin=5000, kichthuocman=6.51, hedieuhanh=1, phienbanhdh=12, camerasau=, cameratruoc=, thoigianbaohanh=24, thuonghieu=10, khuvuckho=4, soluongton=11}, SanPhamDTO{masp=13, tensp=Samsung Galaxy S22+ 5G, hinhanh=177Galaxy-S22-Ultra-Burgundy-600x600.jpg, xuatxu=1, chipxuly=Snapdragon 8 Gen 1, dungluongpin=4500, kichthuocman=6.6, hedieuhanh=1, phienbanhdh=12, camerasau=Chính 50 MP &amp; Phụ 12 MP, 10 MP, cameratruoc=10 MP, thoigianbaohanh=24, thuonghieu=3, khuvuckho=4, soluongton=20}, SanPhamDTO{masp=14, tensp=OPPO Reno6 Pro 5G, hinhanh=203oppo-reno6-pro-grey-600x600.jpg, xuatxu=1, chipxuly=Snapdragon 870 5G, dungluongpin=4500, kichthuocman=6.55, hedieuhanh=1, phienbanhdh=11, camerasau=Chính 50 MP &amp; Phụ 16 MP, 13 MP, 2 MP, cameratruoc=32 MP, thoigianbaohanh=24, thuonghieu=3, khuvuckho=4, soluongton=7}, SanPhamDTO{masp=15, tensp= OPPO A95, hinhanh=555oppo-a95-4g-bac-2-600x600.jpg, xuatxu=2, chipxuly=Snapdragon 662, dungluongpin=5000, kichthuocman=6.43, hedieuhanh=1, phienbanhdh=11, camerasau=Chính 48 MP &amp; Phụ 2 MP, 2 MP, cameratruoc=16 MP, thoigianbaohanh=24, thuonghieu=1, khuvuckho=1, soluongton=5}, SanPhamDTO{masp=21, tensp=Iphone 14 Pro Max, hinhanh=498352iphone-14-pro-max.jpg, xuatxu=2, chipxuly=Apple A15 Bionic, dungluongpin=5000, kichthuocman=6.1, hedieuhanh=2, phienbanhdh=17, camerasau=48MP, cameratruoc=12MP, thoigianbaohanh=24, thuonghieu=1, khuvuckho=3, soluongton=0}, SanPhamDTO{masp=22, tensp=Iphone 14 pro max, hinhanh=925352iphone-14-pro-max.jpg, xuatxu=1, chipxuly=chip xu ly, dungluongpin=5000, kichthuocman=6.1, hedieuhanh=2, phienbanhdh=17, camerasau=48MP, cameratruoc=12MP, thoigianbaohanh=24, thuonghieu=1, khuvuckho=3, soluongton=0}, SanPhamDTO{masp=23, tensp=                   , hinhanh=517352iphone-14-pro-max.jpg, xuatxu=1, chipxuly=                      , dungluongpin=5000, kichthuocman=1.0, hedieuhanh=1, phienbanhdh=17, camerasau=2, cameratruoc=5, thoigianbaohanh=2, thuonghieu=1, khuvuckho=1, soluongton=0}, SanPhamDTO{masp=24, tensp=Sản phẩm A, hinhanh=image_a.jpg, xuatxu=1, chipxuly=Chip A, dungluongpin=5000, kichthuocman=6.5, hedieuhanh=1, phienbanhdh=2, camerasau=Camera sau 12MP, cameratruoc=Camera trước 8MP, thoigianbaohanh=24, thuonghieu=1, khuvuckho=1, soluongton=0}, SanPhamDTO{masp=30, tensp=Sản phẩm C, hinhanh=image_c.jpg, xuatxu=1, chipxuly=null, dungluongpin=5000, kichthuocman=6.5, hedieuhanh=1, phienbanhdh=2, camerasau=Camera sau 12MP, cameratruoc=Camera trước 8MP, thoigianbaohanh=24, thuonghieu=1, khuvuckho=1, soluongton=0}, SanPhamDTO{masp=1023, tensp=Iphone 13, hinhanh=iphone13.jpg, xuatxu=1, chipxuly=A15 Bionic, dungluongpin=5000, kichthuocman=6.1, hedieuhanh=1, phienbanhdh=13, camerasau=12MP, cameratruoc=12MP, thoigianbaohanh=12, thuonghieu=1, khuvuckho=101, soluongton=0}, SanPhamDTO{masp=1024, tensp=Iphone 13, hinhanh=iphone13.jpg, xuatxu=1, chipxuly=A15 Bionic, dungluongpin=5000, kichthuocman=6.1, hedieuhanh=1, phienbanhdh=13, camerasau=12MP, cameratruoc=12MP, thoigianbaohanh=12, thuonghieu=1, khuvuckho=101, soluongton=0}, SanPhamDTO{masp=1025, tensp=Iphone 13, hinhanh=iphone13.jpg, xuatxu=1, chipxuly=A15 Bionic, dungluongpin=5000, kichthuocman=6.1, hedieuhanh=1, phienbanhdh=13, camerasau=12MP, cameratruoc=12MP, thoigianbaohanh=12, thuonghieu=1, khuvuckho=101, soluongton=0}, SanPhamDTO{masp=1026, tensp=Iphone 13, hinhanh=iphone13.jpg, xuatxu=1, chipxuly=A15 Bionic, dungluongpin=5000, kichthuocman=6.1, hedieuhanh=1, phienbanhdh=13, camerasau=12MP, cameratruoc=12MP, thoigianbaohanh=12, thuonghieu=1, khuvuckho=101, soluongton=0}, SanPhamDTO{masp=1027, tensp=Iphone 13, hinhanh=iphone13.jpg, xuatxu=1, chipxuly=A15 Bionic, dungluongpin=5000, kichthuocman=6.1, hedieuhanh=1, phienbanhdh=13, camerasau=12MP, cameratruoc=12MP, thoigianbaohanh=12, thuonghieu=1, khuvuckho=101, soluongton=0}, SanPhamDTO{masp=1028, tensp=Iphone 13, hinhanh=iphone13.jpg, xuatxu=1, chipxuly=A15 Bionic, dungluongpin=5000, kichthuocman=6.1, hedieuhanh=1, phienbanhdh=13, camerasau=12MP, cameratruoc=12MP, thoigianbaohanh=12, thuonghieu=1, khuvuckho=101, soluongton=0}]&gt;
	at DAO.SanPhamDAOTest.testSelectAll_WhenDataIsEmpty_SP013(SanPhamDAOTest.java:173)
	at java.base/jdk.internal.reflect.DirectMethodHandleAccessor.invoke(DirectMethodHandleAccessor.java:103)
</failure>
  </testcase>
  <testcase classname="DAO.SanPhamDAOTest" name="testSelectById_Invalid_SP017" time="0.005">
    <failure message="Expected exception: java.lang.Exception" type="junit.framework.AssertionFailedError">junit.framework.AssertionFailedError: Expected exception: java.lang.Exception
</failure>
  </testcase>
  <testcase classname="DAO.SanPhamDAOTest" name="testSelectById_Null_SP018" time="0.003">
    <failure message="Expected exception: java.lang.Exception" type="junit.framework.AssertionFailedError">junit.framework.AssertionFailedError: Expected exception: java.lang.Exception
</failure>
  </testcase>
  <testcase classname="DAO.SanPhamDAOTest" name="testInsert_InvalidField_SP003" time="0.045" />
  <testcase classname="DAO.SanPhamDAOTest" name="testUpdateSoLuongTon_NoExist_SP026" time="0.005">
    <error message="Cannot invoke &quot;DTO.SanPhamDTO.getSoluongton()&quot; because the return value of &quot;DAO.SanPhamDAO.selectById(String)&quot; is null" type="java.lang.NullPointerException">java.lang.NullPointerException: Cannot invoke &quot;DTO.SanPhamDTO.getSoluongton()&quot; because the return value of &quot;DAO.SanPhamDAO.selectById(String)&quot; is null
	at DAO.SanPhamDAO.updateSoLuongTon(SanPhamDAO.java:215)
	at DAO.SanPhamDAOTest.testUpdateSoLuongTon_NoExist_SP026(SanPhamDAOTest.java:266)
	at java.base/jdk.internal.reflect.DirectMethodHandleAccessor.invoke(DirectMethodHandleAccessor.java:103)
</error>
  </testcase>
  <testcase classname="DAO.SanPhamDAOTest" name="testGetAutoIncrement_WhenDatabaseIsEmpty_024" time="0.004">
    <failure type="junit.framework.AssertionFailedError">junit.framework.AssertionFailedError
	at DAO.SanPhamDAOTest.testGetAutoIncrement_WhenDatabaseIsEmpty_024(SanPhamDAOTest.java:248)
	at java.base/jdk.internal.reflect.DirectMethodHandleAccessor.invoke(DirectMethodHandleAccessor.java:103)
</failure>
  </testcase>
  <testcase classname="DAO.SanPhamDAOTest" name="testUpdate_ValidProduct_SP005" time="0.003" />
  <testcase classname="DAO.SanPhamDAOTest" name="testGetAutoIncrement_WhenDatabaseHasData_023" time="0.003" />
  <testcase classname="DAO.SanPhamDAOTest" name="testInsert_ExistingProductId_SP002" time="0.08" />
  <testcase classname="DAO.SanPhamDAOTest" name="testUpdate_NonExistentId_SP006" time="0.006" />
  <testcase classname="DAO.SanPhamDAOTest" name="testUpdate_InvalidField_SP007" time="0.005">
    <failure message="expected:&lt;0&gt; but was:&lt;1&gt;" type="junit.framework.AssertionFailedError">junit.framework.AssertionFailedError: expected:&lt;0&gt; but was:&lt;1&gt;
	at DAO.SanPhamDAOTest.testUpdate_InvalidField_SP007(SanPhamDAOTest.java:124)
	at java.base/jdk.internal.reflect.DirectMethodHandleAccessor.invoke(DirectMethodHandleAccessor.java:103)
</failure>
  </testcase>
  <testcase classname="DAO.SanPhamDAOTest" name="testInsert_MissingField_SP004" time="0.005" />
  <testcase classname="DAO.SanPhamDAOTest" name="testSelectByPhienBan_Null_SP022" time="0.004">
    <failure message="Expected exception: java.lang.Exception" type="junit.framework.AssertionFailedError">junit.framework.AssertionFailedError: Expected exception: java.lang.Exception
</failure>
  </testcase>
  <testcase classname="DAO.SanPhamDAOTest" name="testSelectAll_WhenDatabaseHasData_SP014" time="0.004" />
  <testcase classname="DAO.SanPhamDAOTest" name="testSelectByPhienBan_Exists_SP019" time="0.004" />
  <testcase classname="DAO.SanPhamDAOTest" name="testDelete_InvalidId_SP011" time="0.004">
    <failure message="Expected exception: java.lang.IllegalArgumentException" type="junit.framework.AssertionFailedError">junit.framework.AssertionFailedError: Expected exception: java.lang.IllegalArgumentException
</failure>
  </testcase>
  <testcase classname="DAO.SanPhamDAOTest" name="testDelete_ValidId_SP009" time="0.003" />
  <testcase classname="DAO.SanPhamDAOTest" name="testDelete_NonExistentId_SP010" time="0.003" />
  <testcase classname="DAO.SanPhamDAOTest" name="testUpdate_MissingField_SP008" time="0.004">
    <failure message="expected:&lt;0&gt; but was:&lt;1&gt;" type="junit.framework.AssertionFailedError">junit.framework.AssertionFailedError: expected:&lt;0&gt; but was:&lt;1&gt;
	at DAO.SanPhamDAOTest.testUpdate_MissingField_SP008(SanPhamDAOTest.java:133)
	at java.base/jdk.internal.reflect.DirectMethodHandleAccessor.invoke(DirectMethodHandleAccessor.java:103)
</failure>
  </testcase>
  <system-out><![CDATA[]]></system-out>
  <system-err><![CDATA[May 14, 2025 12:44:09 AM DAO.SanPhamDAO insert
SEVERE: null
java.sql.SQLIntegrityConstraintViolationException: Duplicate entry '30' for key 'PRIMARY'
	at com.mysql.cj.jdbc.exceptions.SQLError.createSQLException(SQLError.java:117)
	at com.mysql.cj.jdbc.exceptions.SQLExceptionsMapping.translateException(SQLExceptionsMapping.java:122)
	at com.mysql.cj.jdbc.ClientPreparedStatement.executeInternal(ClientPreparedStatement.java:916)
	at com.mysql.cj.jdbc.ClientPreparedStatement.executeUpdateInternal(ClientPreparedStatement.java:1061)
	at com.mysql.cj.jdbc.ClientPreparedStatement.executeUpdateInternal(ClientPreparedStatement.java:1009)
	at com.mysql.cj.jdbc.ClientPreparedStatement.executeLargeUpdate(ClientPreparedStatement.java:1320)
	at com.mysql.cj.jdbc.ClientPreparedStatement.executeUpdate(ClientPreparedStatement.java:994)
	at DAO.SanPhamDAO.insert(SanPhamDAO.java:40)
	at DAO.SanPhamDAOTest.testInsert_InvalidField_SP003(SanPhamDAOTest.java:82)
	at java.base/jdk.internal.reflect.DirectMethodHandleAccessor.invoke(DirectMethodHandleAccessor.java:103)
	at java.base/java.lang.reflect.Method.invoke(Method.java:580)
	at org.junit.runners.model.FrameworkMethod$1.runReflectiveCall(FrameworkMethod.java:59)
	at org.junit.internal.runners.model.ReflectiveCallable.run(ReflectiveCallable.java:12)
	at org.junit.runners.model.FrameworkMethod.invokeExplosively(FrameworkMethod.java:56)
	at org.junit.internal.runners.statements.InvokeMethod.evaluate(InvokeMethod.java:17)
	at org.junit.internal.runners.statements.RunBefores.evaluate(RunBefores.java:26)
	at org.junit.internal.runners.statements.RunAfters.evaluate(RunAfters.java:27)
	at org.junit.runners.ParentRunner$3.evaluate(ParentRunner.java:306)
	at org.junit.runners.BlockJUnit4ClassRunner$1.evaluate(BlockJUnit4ClassRunner.java:100)
	at org.junit.runners.ParentRunner.runLeaf(ParentRunner.java:366)
	at org.junit.runners.BlockJUnit4ClassRunner.runChild(BlockJUnit4ClassRunner.java:103)
	at org.junit.runners.BlockJUnit4ClassRunner.runChild(BlockJUnit4ClassRunner.java:63)
	at org.junit.runners.ParentRunner$4.run(ParentRunner.java:331)
	at org.junit.runners.ParentRunner$1.schedule(ParentRunner.java:79)
	at org.junit.runners.ParentRunner.runChildren(ParentRunner.java:329)
	at org.junit.runners.ParentRunner.access$100(ParentRunner.java:66)
	at org.junit.runners.ParentRunner$2.evaluate(ParentRunner.java:293)
	at org.junit.internal.runners.statements.RunAfters.evaluate(RunAfters.java:27)
	at org.junit.runners.ParentRunner$3.evaluate(ParentRunner.java:306)
	at org.junit.runners.ParentRunner.run(ParentRunner.java:413)
	at junit.framework.JUnit4TestAdapter.run(JUnit4TestAdapter.java:50)
	at org.apache.tools.ant.taskdefs.optional.junit.JUnitTestRunner.run(JUnitTestRunner.java:535)
	at org.apache.tools.ant.taskdefs.optional.junit.JUnitTestRunner.launch(JUnitTestRunner.java:1197)
	at org.apache.tools.ant.taskdefs.optional.junit.JUnitTestRunner.main(JUnitTestRunner.java:1042)

May 14, 2025 12:44:09 AM DAO.SanPhamDAO insert
SEVERE: null
java.sql.SQLIntegrityConstraintViolationException: Duplicate entry '1' for key 'PRIMARY'
	at com.mysql.cj.jdbc.exceptions.SQLError.createSQLException(SQLError.java:117)
	at com.mysql.cj.jdbc.exceptions.SQLExceptionsMapping.translateException(SQLExceptionsMapping.java:122)
	at com.mysql.cj.jdbc.ClientPreparedStatement.executeInternal(ClientPreparedStatement.java:916)
	at com.mysql.cj.jdbc.ClientPreparedStatement.executeUpdateInternal(ClientPreparedStatement.java:1061)
	at com.mysql.cj.jdbc.ClientPreparedStatement.executeUpdateInternal(ClientPreparedStatement.java:1009)
	at com.mysql.cj.jdbc.ClientPreparedStatement.executeLargeUpdate(ClientPreparedStatement.java:1320)
	at com.mysql.cj.jdbc.ClientPreparedStatement.executeUpdate(ClientPreparedStatement.java:994)
	at DAO.SanPhamDAO.insert(SanPhamDAO.java:40)
	at DAO.SanPhamDAOTest.testInsert_ExistingProductId_SP002(SanPhamDAOTest.java:73)
	at java.base/jdk.internal.reflect.DirectMethodHandleAccessor.invoke(DirectMethodHandleAccessor.java:103)
	at java.base/java.lang.reflect.Method.invoke(Method.java:580)
	at org.junit.runners.model.FrameworkMethod$1.runReflectiveCall(FrameworkMethod.java:59)
	at org.junit.internal.runners.model.ReflectiveCallable.run(ReflectiveCallable.java:12)
	at org.junit.runners.model.FrameworkMethod.invokeExplosively(FrameworkMethod.java:56)
	at org.junit.internal.runners.statements.InvokeMethod.evaluate(InvokeMethod.java:17)
	at org.junit.internal.runners.statements.RunBefores.evaluate(RunBefores.java:26)
	at org.junit.internal.runners.statements.RunAfters.evaluate(RunAfters.java:27)
	at org.junit.runners.ParentRunner$3.evaluate(ParentRunner.java:306)
	at org.junit.runners.BlockJUnit4ClassRunner$1.evaluate(BlockJUnit4ClassRunner.java:100)
	at org.junit.runners.ParentRunner.runLeaf(ParentRunner.java:366)
	at org.junit.runners.BlockJUnit4ClassRunner.runChild(BlockJUnit4ClassRunner.java:103)
	at org.junit.runners.BlockJUnit4ClassRunner.runChild(BlockJUnit4ClassRunner.java:63)
	at org.junit.runners.ParentRunner$4.run(ParentRunner.java:331)
	at org.junit.runners.ParentRunner$1.schedule(ParentRunner.java:79)
	at org.junit.runners.ParentRunner.runChildren(ParentRunner.java:329)
	at org.junit.runners.ParentRunner.access$100(ParentRunner.java:66)
	at org.junit.runners.ParentRunner$2.evaluate(ParentRunner.java:293)
	at org.junit.internal.runners.statements.RunAfters.evaluate(RunAfters.java:27)
	at org.junit.runners.ParentRunner$3.evaluate(ParentRunner.java:306)
	at org.junit.runners.ParentRunner.run(ParentRunner.java:413)
	at junit.framework.JUnit4TestAdapter.run(JUnit4TestAdapter.java:50)
	at org.apache.tools.ant.taskdefs.optional.junit.JUnitTestRunner.run(JUnitTestRunner.java:535)
	at org.apache.tools.ant.taskdefs.optional.junit.JUnitTestRunner.launch(JUnitTestRunner.java:1197)
	at org.apache.tools.ant.taskdefs.optional.junit.JUnitTestRunner.main(JUnitTestRunner.java:1042)

May 14, 2025 12:44:10 AM DAO.SanPhamDAO insert
SEVERE: null
java.sql.SQLIntegrityConstraintViolationException: Duplicate entry '31' for key 'PRIMARY'
	at com.mysql.cj.jdbc.exceptions.SQLError.createSQLException(SQLError.java:117)
	at com.mysql.cj.jdbc.exceptions.SQLExceptionsMapping.translateException(SQLExceptionsMapping.java:122)
	at com.mysql.cj.jdbc.ClientPreparedStatement.executeInternal(ClientPreparedStatement.java:916)
	at com.mysql.cj.jdbc.ClientPreparedStatement.executeUpdateInternal(ClientPreparedStatement.java:1061)
	at com.mysql.cj.jdbc.ClientPreparedStatement.executeUpdateInternal(ClientPreparedStatement.java:1009)
	at com.mysql.cj.jdbc.ClientPreparedStatement.executeLargeUpdate(ClientPreparedStatement.java:1320)
	at com.mysql.cj.jdbc.ClientPreparedStatement.executeUpdate(ClientPreparedStatement.java:994)
	at DAO.SanPhamDAO.insert(SanPhamDAO.java:40)
	at DAO.SanPhamDAOTest.testInsert_MissingField_SP004(SanPhamDAOTest.java:91)
	at java.base/jdk.internal.reflect.DirectMethodHandleAccessor.invoke(DirectMethodHandleAccessor.java:103)
	at java.base/java.lang.reflect.Method.invoke(Method.java:580)
	at org.junit.runners.model.FrameworkMethod$1.runReflectiveCall(FrameworkMethod.java:59)
	at org.junit.internal.runners.model.ReflectiveCallable.run(ReflectiveCallable.java:12)
	at org.junit.runners.model.FrameworkMethod.invokeExplosively(FrameworkMethod.java:56)
	at org.junit.internal.runners.statements.InvokeMethod.evaluate(InvokeMethod.java:17)
	at org.junit.internal.runners.statements.RunBefores.evaluate(RunBefores.java:26)
	at org.junit.internal.runners.statements.RunAfters.evaluate(RunAfters.java:27)
	at org.junit.runners.ParentRunner$3.evaluate(ParentRunner.java:306)
	at org.junit.runners.BlockJUnit4ClassRunner$1.evaluate(BlockJUnit4ClassRunner.java:100)
	at org.junit.runners.ParentRunner.runLeaf(ParentRunner.java:366)
	at org.junit.runners.BlockJUnit4ClassRunner.runChild(BlockJUnit4ClassRunner.java:103)
	at org.junit.runners.BlockJUnit4ClassRunner.runChild(BlockJUnit4ClassRunner.java:63)
	at org.junit.runners.ParentRunner$4.run(ParentRunner.java:331)
	at org.junit.runners.ParentRunner$1.schedule(ParentRunner.java:79)
	at org.junit.runners.ParentRunner.runChildren(ParentRunner.java:329)
	at org.junit.runners.ParentRunner.access$100(ParentRunner.java:66)
	at org.junit.runners.ParentRunner$2.evaluate(ParentRunner.java:293)
	at org.junit.internal.runners.statements.RunAfters.evaluate(RunAfters.java:27)
	at org.junit.runners.ParentRunner$3.evaluate(ParentRunner.java:306)
	at org.junit.runners.ParentRunner.run(ParentRunner.java:413)
	at junit.framework.JUnit4TestAdapter.run(JUnit4TestAdapter.java:50)
	at org.apache.tools.ant.taskdefs.optional.junit.JUnitTestRunner.run(JUnitTestRunner.java:535)
	at org.apache.tools.ant.taskdefs.optional.junit.JUnitTestRunner.launch(JUnitTestRunner.java:1197)
	at org.apache.tools.ant.taskdefs.optional.junit.JUnitTestRunner.main(JUnitTestRunner.java:1042)

]]></system-err>
</testsuite>
